[ 2016-12-12T22:01:11+08:00 ] 127.0.0.1 /index.php/Admin/Goods/lst
INFO: [ app_init ] --START--
INFO: Run Behavior\BuildLiteBehavior [ RunTime:0.000000s ]
INFO: [ app_init ] --END-- [ RunTime:0.075004s ]
INFO: [ app_begin ] --START--
INFO: Run Behavior\ReadHtmlCacheBehavior [ RunTime:0.013001s ]
INFO: [ app_begin ] --END-- [ RunTime:0.014001s ]
SQL: SHOW COLUMNS FROM `p39_goods` [ RunTime:0.1270s ]
NOTIC: [8] Undefined variable: where F:\thinkphp\Application\Admin\Model\GoodsModel.class.php 第 150 行.
SQL: SELECT COUNT(*) AS tp_count FROM `p39_goods` LIMIT 1   [ RunTime:0.0090s ]
NOTIC: [8] Undefined variable: where F:\thinkphp\Application\Admin\Model\GoodsModel.class.php 第 162 行.
SQL: SELECT a.*,b.brand_name FROM p39_goods a LEFT JOIN p39_brand b ON b.id=a.brand_id  ORDER BY a.id desc LIMIT 0,10   [ RunTime:0.0360s ]
INFO: [ view_parse ] --START--
INFO: [ template_filter ] --START--
INFO: Run Behavior\ContentReplaceBehavior [ RunTime:0.000000s ]
INFO: [ template_filter ] --END-- [ RunTime:0.000000s ]
NOTIC: [8] Undefined variable: val F:\thinkphp\Application\Runtime\Cache\Admin\12cf6a5c74297688873998de0720405d.php 第 80 行.
NOTIC: [8] Undefined variable: val F:\thinkphp\Application\Runtime\Cache\Admin\12cf6a5c74297688873998de0720405d.php 第 80 行.
NOTIC: [8] Undefined variable: val F:\thinkphp\Application\Runtime\Cache\Admin\12cf6a5c74297688873998de0720405d.php 第 80 行.
NOTIC: [8] Undefined variable: val F:\thinkphp\Application\Runtime\Cache\Admin\12cf6a5c74297688873998de0720405d.php 第 80 行.
NOTIC: [8] Undefined variable: val F:\thinkphp\Application\Runtime\Cache\Admin\12cf6a5c74297688873998de0720405d.php 第 80 行.
NOTIC: [8] Undefined variable: val F:\thinkphp\Application\Runtime\Cache\Admin\12cf6a5c74297688873998de0720405d.php 第 80 行.
INFO: Run Behavior\ParseTemplateBehavior [ RunTime:0.192011s ]
INFO: [ view_parse ] --END-- [ RunTime:0.192011s ]
INFO: [ view_filter ] --START--
INFO: Run Behavior\WriteHtmlCacheBehavior [ RunTime:0.016001s ]
INFO: [ view_filter ] --END-- [ RunTime:0.016001s ]
INFO: [ app_end ] --START--
INFO: Run Behavior\ShowPageTraceBehavior [ RunTime:0.063004s ]
INFO: [ app_end ] --END-- [ RunTime:0.063004s ]

[ 2016-12-12T22:19:38+08:00 ] 127.0.0.1 /index.php/Admin/Goods/add.html
INFO: [ app_init ] --START--
INFO: Run Behavior\BuildLiteBehavior [ RunTime:0.000000s ]
INFO: [ app_init ] --END-- [ RunTime:0.001000s ]
INFO: [ app_begin ] --START--
INFO: Run Behavior\ReadHtmlCacheBehavior [ RunTime:0.001000s ]
INFO: [ app_begin ] --END-- [ RunTime:0.001000s ]
SQL: SHOW COLUMNS FROM `p39_brand` [ RunTime:0.0040s ]
SQL: SELECT * FROM `p39_brand`  [ RunTime:0.0000s ]
INFO: [ view_parse ] --START--
INFO: [ template_filter ] --START--
INFO: Run Behavior\ContentReplaceBehavior [ RunTime:0.000000s ]
INFO: [ template_filter ] --END-- [ RunTime:0.000000s ]

[ 2016-12-12T22:19:49+08:00 ] 127.0.0.1 /index.php/Admin/Goods/add.html
INFO: [ app_init ] --START--
INFO: Run Behavior\BuildLiteBehavior [ RunTime:0.000000s ]
INFO: [ app_init ] --END-- [ RunTime:0.001000s ]
INFO: [ app_begin ] --START--
INFO: Run Behavior\ReadHtmlCacheBehavior [ RunTime:0.001000s ]
INFO: [ app_begin ] --END-- [ RunTime:0.002000s ]
SQL: SHOW COLUMNS FROM `p39_brand` [ RunTime:0.0030s ]
SQL: SELECT * FROM `p39_brand`  [ RunTime:0.0000s ]
INFO: [ view_parse ] --START--
INFO: [ template_filter ] --START--
INFO: Run Behavior\ContentReplaceBehavior [ RunTime:0.000000s ]
INFO: [ template_filter ] --END-- [ RunTime:0.000000s ]
SQL: SELECT * FROM `p39_brand`  [ RunTime:0.0000s ]
INFO: Run Behavior\ParseTemplateBehavior [ RunTime:0.008001s ]
INFO: [ view_parse ] --END-- [ RunTime:0.008001s ]
INFO: [ view_filter ] --START--
INFO: Run Behavior\WriteHtmlCacheBehavior [ RunTime:0.000000s ]
INFO: [ view_filter ] --END-- [ RunTime:0.000000s ]
INFO: [ app_end ] --START--
INFO: Run Behavior\ShowPageTraceBehavior [ RunTime:0.001000s ]
INFO: [ app_end ] --END-- [ RunTime:0.001000s ]

[ 2016-12-12T22:20:10+08:00 ] 127.0.0.1 /index.php/Admin/Goods/add.html
INFO: [ app_init ] --START--
INFO: Run Behavior\BuildLiteBehavior [ RunTime:0.000000s ]
INFO: [ app_init ] --END-- [ RunTime:0.000000s ]
INFO: [ app_begin ] --START--
INFO: Run Behavior\ReadHtmlCacheBehavior [ RunTime:0.001000s ]
INFO: [ app_begin ] --END-- [ RunTime:0.001000s ]
SQL: SHOW COLUMNS FROM `p39_brand` [ RunTime:0.0050s ]
SQL: SELECT * FROM `p39_brand`  [ RunTime:0.0010s ]
INFO: [ view_parse ] --START--
INFO: [ template_filter ] --START--
INFO: Run Behavior\ContentReplaceBehavior [ RunTime:0.000000s ]
INFO: [ template_filter ] --END-- [ RunTime:0.000000s ]
SQL: SELECT * FROM `p39_brand`  [ RunTime:0.0000s ]
INFO: Run Behavior\ParseTemplateBehavior [ RunTime:0.010001s ]
INFO: [ view_parse ] --END-- [ RunTime:0.010001s ]
INFO: [ view_filter ] --START--
INFO: Run Behavior\WriteHtmlCacheBehavior [ RunTime:0.001000s ]
INFO: [ view_filter ] --END-- [ RunTime:0.001000s ]
INFO: [ app_end ] --START--
INFO: Run Behavior\ShowPageTraceBehavior [ RunTime:0.001000s ]
INFO: [ app_end ] --END-- [ RunTime:0.001000s ]

[ 2016-12-12T22:20:11+08:00 ] 127.0.0.1 /index.php/Admin/Goods/add.html
INFO: [ app_init ] --START--
INFO: Run Behavior\BuildLiteBehavior [ RunTime:0.000000s ]
INFO: [ app_init ] --END-- [ RunTime:0.001000s ]
INFO: [ app_begin ] --START--
INFO: Run Behavior\ReadHtmlCacheBehavior [ RunTime:0.001000s ]
INFO: [ app_begin ] --END-- [ RunTime:0.001000s ]
SQL: SHOW COLUMNS FROM `p39_brand` [ RunTime:0.0040s ]
SQL: SELECT * FROM `p39_brand`  [ RunTime:0.0000s ]
INFO: [ view_parse ] --START--
INFO: [ template_filter ] --START--
INFO: Run Behavior\ContentReplaceBehavior [ RunTime:0.000000s ]
INFO: [ template_filter ] --END-- [ RunTime:0.000000s ]
SQL: SELECT * FROM `p39_brand`  [ RunTime:0.0000s ]
INFO: Run Behavior\ParseTemplateBehavior [ RunTime:0.008000s ]
INFO: [ view_parse ] --END-- [ RunTime:0.009000s ]
INFO: [ view_filter ] --START--
INFO: Run Behavior\WriteHtmlCacheBehavior [ RunTime:0.000000s ]
INFO: [ view_filter ] --END-- [ RunTime:0.000000s ]
INFO: [ app_end ] --START--
INFO: Run Behavior\ShowPageTraceBehavior [ RunTime:0.001000s ]
INFO: [ app_end ] --END-- [ RunTime:0.001000s ]

[ 2016-12-12T22:20:24+08:00 ] 127.0.0.1 /index.php/Admin/Goods/edit/id/10.html
INFO: [ app_init ] --START--
INFO: Run Behavior\BuildLiteBehavior [ RunTime:0.000000s ]
INFO: [ app_init ] --END-- [ RunTime:0.001000s ]
INFO: [ app_begin ] --START--
INFO: Run Behavior\ReadHtmlCacheBehavior [ RunTime:0.002000s ]
INFO: [ app_begin ] --END-- [ RunTime:0.002000s ]
SQL: SHOW COLUMNS FROM `p39_goods` [ RunTime:0.0060s ]
SQL: SELECT * FROM `p39_goods` WHERE `id` = 10 LIMIT 1   [ RunTime:0.0010s ]
SQL: SHOW COLUMNS FROM `p39_brand` [ RunTime:0.0040s ]
SQL: SELECT * FROM `p39_brand`  [ RunTime:0.0010s ]
INFO: [ view_parse ] --START--
INFO: [ template_filter ] --START--
INFO: Run Behavior\ContentReplaceBehavior [ RunTime:0.000000s ]
INFO: [ template_filter ] --END-- [ RunTime:0.000000s ]
INFO: Run Behavior\ParseTemplateBehavior [ RunTime:0.044003s ]
INFO: [ view_parse ] --END-- [ RunTime:0.044003s ]
INFO: [ view_filter ] --START--
INFO: Run Behavior\WriteHtmlCacheBehavior [ RunTime:0.000000s ]
INFO: [ view_filter ] --END-- [ RunTime:0.000000s ]
INFO: [ app_end ] --START--
INFO: Run Behavior\ShowPageTraceBehavior [ RunTime:0.002000s ]
INFO: [ app_end ] --END-- [ RunTime:0.002000s ]

[ 2016-12-12T22:21:50+08:00 ] 127.0.0.1 /index.php/Admin/Goods/edit/id/10.html
INFO: [ app_init ] --START--
INFO: Run Behavior\BuildLiteBehavior [ RunTime:0.000000s ]
INFO: [ app_init ] --END-- [ RunTime:0.001000s ]
INFO: [ app_begin ] --START--
INFO: Run Behavior\ReadHtmlCacheBehavior [ RunTime:0.001001s ]
INFO: [ app_begin ] --END-- [ RunTime:0.001001s ]
SQL: SHOW COLUMNS FROM `p39_goods` [ RunTime:0.0040s ]
SQL: SELECT * FROM `p39_goods` WHERE `id` = 10 LIMIT 1   [ RunTime:0.0000s ]
SQL: SHOW COLUMNS FROM `p39_brand` [ RunTime:0.0030s ]
SQL: SELECT * FROM `p39_brand`  [ RunTime:0.0000s ]
INFO: [ view_parse ] --START--
INFO: [ template_filter ] --START--
INFO: Run Behavior\ContentReplaceBehavior [ RunTime:0.000000s ]
INFO: [ template_filter ] --END-- [ RunTime:0.000000s ]
SQL: SELECT * FROM `p39_brand`  [ RunTime:0.0000s ]
INFO: Run Behavior\ParseTemplateBehavior [ RunTime:0.008001s ]
INFO: [ view_parse ] --END-- [ RunTime:0.008001s ]
INFO: [ view_filter ] --START--
INFO: Run Behavior\WriteHtmlCacheBehavior [ RunTime:0.001000s ]
INFO: [ view_filter ] --END-- [ RunTime:0.001000s ]
INFO: [ app_end ] --START--
INFO: Run Behavior\ShowPageTraceBehavior [ RunTime:0.001000s ]
INFO: [ app_end ] --END-- [ RunTime:0.001000s ]

[ 2016-12-12T22:22:02+08:00 ] 127.0.0.1 /index.php/Admin/Goods/edit/id/10.html
INFO: [ app_init ] --START--
INFO: Run Behavior\BuildLiteBehavior [ RunTime:0.000000s ]
INFO: [ app_init ] --END-- [ RunTime:0.001000s ]
INFO: [ app_begin ] --START--
INFO: Run Behavior\ReadHtmlCacheBehavior [ RunTime:0.002000s ]
INFO: [ app_begin ] --END-- [ RunTime:0.002000s ]
SQL: SHOW COLUMNS FROM `p39_goods` [ RunTime:0.0060s ]
SQL: SELECT * FROM `p39_goods` WHERE `id` = 10 LIMIT 1   [ RunTime:0.0010s ]
SQL: SHOW COLUMNS FROM `p39_brand` [ RunTime:0.0040s ]
SQL: SELECT * FROM `p39_brand`  [ RunTime:0.0010s ]
INFO: [ view_parse ] --START--
INFO: [ template_filter ] --START--
INFO: Run Behavior\ContentReplaceBehavior [ RunTime:0.000000s ]
INFO: [ template_filter ] --END-- [ RunTime:0.000000s ]
SQL: SELECT * FROM `p39_brand`  [ RunTime:0.0000s ]
INFO: Run Behavior\ParseTemplateBehavior [ RunTime:0.013001s ]
INFO: [ view_parse ] --END-- [ RunTime:0.013001s ]
INFO: [ view_filter ] --START--
INFO: Run Behavior\WriteHtmlCacheBehavior [ RunTime:0.001000s ]
INFO: [ view_filter ] --END-- [ RunTime:0.001000s ]
INFO: [ app_end ] --START--
INFO: Run Behavior\ShowPageTraceBehavior [ RunTime:0.001000s ]
INFO: [ app_end ] --END-- [ RunTime:0.001000s ]

[ 2016-12-12T22:25:38+08:00 ] 127.0.0.1 /index.php/Admin/Goods/lst
INFO: [ app_init ] --START--
INFO: Run Behavior\BuildLiteBehavior [ RunTime:0.000000s ]
INFO: [ app_init ] --END-- [ RunTime:0.001000s ]
INFO: [ app_begin ] --START--
INFO: Run Behavior\ReadHtmlCacheBehavior [ RunTime:0.001000s ]
INFO: [ app_begin ] --END-- [ RunTime:0.001000s ]
SQL: SHOW COLUMNS FROM `p39_goods` [ RunTime:0.0040s ]
NOTIC: [8] Undefined variable: where F:\thinkphp\Application\Admin\Model\GoodsModel.class.php 第 150 行.
SQL: SELECT COUNT(*) AS tp_count FROM `p39_goods` LIMIT 1   [ RunTime:0.0000s ]
NOTIC: [8] Undefined variable: where F:\thinkphp\Application\Admin\Model\GoodsModel.class.php 第 162 行.
SQL: SELECT a.*,b.brand_name FROM p39_goods a LEFT JOIN p39_brand b ON b.id=a.brand_id  ORDER BY a.id desc LIMIT 0,10   [ RunTime:0.0000s ]
INFO: [ view_parse ] --START--
INFO: [ template_filter ] --START--
INFO: Run Behavior\ContentReplaceBehavior [ RunTime:0.000000s ]
INFO: [ template_filter ] --END-- [ RunTime:0.000000s ]
SQL: SHOW COLUMNS FROM `p39_brand` [ RunTime:0.0030s ]
SQL: SELECT * FROM `p39_brand`  [ RunTime:0.0010s ]
NOTIC: [8] Undefined variable: val F:\thinkphp\Application\Runtime\Cache\Admin\12cf6a5c74297688873998de0720405d.php 第 84 行.
NOTIC: [8] Undefined variable: val F:\thinkphp\Application\Runtime\Cache\Admin\12cf6a5c74297688873998de0720405d.php 第 84 行.
NOTIC: [8] Undefined variable: val F:\thinkphp\Application\Runtime\Cache\Admin\12cf6a5c74297688873998de0720405d.php 第 84 行.
NOTIC: [8] Undefined variable: val F:\thinkphp\Application\Runtime\Cache\Admin\12cf6a5c74297688873998de0720405d.php 第 84 行.
NOTIC: [8] Undefined variable: val F:\thinkphp\Application\Runtime\Cache\Admin\12cf6a5c74297688873998de0720405d.php 第 84 行.
NOTIC: [8] Undefined variable: val F:\thinkphp\Application\Runtime\Cache\Admin\12cf6a5c74297688873998de0720405d.php 第 84 行.
INFO: Run Behavior\ParseTemplateBehavior [ RunTime:0.017001s ]
INFO: [ view_parse ] --END-- [ RunTime:0.017001s ]
INFO: [ view_filter ] --START--
INFO: Run Behavior\WriteHtmlCacheBehavior [ RunTime:0.001000s ]
INFO: [ view_filter ] --END-- [ RunTime:0.001000s ]
INFO: [ app_end ] --START--
INFO: Run Behavior\ShowPageTraceBehavior [ RunTime:0.001000s ]
INFO: [ app_end ] --END-- [ RunTime:0.002000s ]

[ 2016-12-12T22:27:21+08:00 ] 127.0.0.1 /index.php/Admin/Goods/lst?gn=&brand_id=&fp=&tp=&ios=&fa=&ta=&orderby=id_asc
INFO: [ app_init ] --START--
INFO: Run Behavior\BuildLiteBehavior [ RunTime:0.000000s ]
INFO: [ app_init ] --END-- [ RunTime:0.001000s ]
INFO: [ app_begin ] --START--
INFO: Run Behavior\ReadHtmlCacheBehavior [ RunTime:0.002000s ]
INFO: [ app_begin ] --END-- [ RunTime:0.002000s ]
SQL: SHOW COLUMNS FROM `p39_goods` [ RunTime:0.0070s ]
NOTIC: [8] Undefined variable: where F:\thinkphp\Application\Admin\Model\GoodsModel.class.php 第 150 行.
SQL: SELECT COUNT(*) AS tp_count FROM `p39_goods` LIMIT 1   [ RunTime:0.0000s ]
NOTIC: [8] Undefined variable: where F:\thinkphp\Application\Admin\Model\GoodsModel.class.php 第 162 行.
SQL: SELECT a.*,b.brand_name FROM p39_goods a LEFT JOIN p39_brand b ON b.id=a.brand_id  ORDER BY a.id asc LIMIT 0,10   [ RunTime:0.0010s ]
INFO: [ view_parse ] --START--
INFO: [ template_filter ] --START--
INFO: Run Behavior\ContentReplaceBehavior [ RunTime:0.000000s ]
INFO: [ template_filter ] --END-- [ RunTime:0.000000s ]
SQL: SHOW COLUMNS FROM `p39_brand` [ RunTime:0.0060s ]
SQL: SELECT * FROM `p39_brand`  [ RunTime:0.0010s ]
NOTIC: [8] Undefined variable: val F:\thinkphp\Application\Runtime\Cache\Admin\12cf6a5c74297688873998de0720405d.php 第 84 行.
NOTIC: [8] Undefined variable: val F:\thinkphp\Application\Runtime\Cache\Admin\12cf6a5c74297688873998de0720405d.php 第 84 行.
NOTIC: [8] Undefined variable: val F:\thinkphp\Application\Runtime\Cache\Admin\12cf6a5c74297688873998de0720405d.php 第 84 行.
NOTIC: [8] Undefined variable: val F:\thinkphp\Application\Runtime\Cache\Admin\12cf6a5c74297688873998de0720405d.php 第 84 行.
NOTIC: [8] Undefined variable: val F:\thinkphp\Application\Runtime\Cache\Admin\12cf6a5c74297688873998de0720405d.php 第 84 行.
NOTIC: [8] Undefined variable: val F:\thinkphp\Application\Runtime\Cache\Admin\12cf6a5c74297688873998de0720405d.php 第 84 行.
INFO: Run Behavior\ParseTemplateBehavior [ RunTime:0.029002s ]
INFO: [ view_parse ] --END-- [ RunTime:0.029002s ]
INFO: [ view_filter ] --START--
INFO: Run Behavior\WriteHtmlCacheBehavior [ RunTime:0.001000s ]
INFO: [ view_filter ] --END-- [ RunTime:0.001000s ]
INFO: [ app_end ] --START--
INFO: Run Behavior\ShowPageTraceBehavior [ RunTime:0.002000s ]
INFO: [ app_end ] --END-- [ RunTime:0.002000s ]

[ 2016-12-12T22:27:27+08:00 ] 127.0.0.1 /index.php/Admin/Goods/lst?gn=&brand_id=&fp=&tp=&ios=&fa=&ta=&orderby=id_desc
INFO: [ app_init ] --START--
INFO: Run Behavior\BuildLiteBehavior [ RunTime:0.000000s ]
INFO: [ app_init ] --END-- [ RunTime:0.001000s ]
INFO: [ app_begin ] --START--
INFO: Run Behavior\ReadHtmlCacheBehavior [ RunTime:0.001000s ]
INFO: [ app_begin ] --END-- [ RunTime:0.001000s ]
SQL: SHOW COLUMNS FROM `p39_goods` [ RunTime:0.0050s ]
NOTIC: [8] Undefined variable: where F:\thinkphp\Application\Admin\Model\GoodsModel.class.php 第 150 行.
SQL: SELECT COUNT(*) AS tp_count FROM `p39_goods` LIMIT 1   [ RunTime:0.0000s ]
NOTIC: [8] Undefined variable: where F:\thinkphp\Application\Admin\Model\GoodsModel.class.php 第 162 行.
SQL: SELECT a.*,b.brand_name FROM p39_goods a LEFT JOIN p39_brand b ON b.id=a.brand_id  ORDER BY a.id desc LIMIT 0,10   [ RunTime:0.0010s ]
INFO: [ view_parse ] --START--
INFO: [ template_filter ] --START--
INFO: Run Behavior\ContentReplaceBehavior [ RunTime:0.001000s ]
INFO: [ template_filter ] --END-- [ RunTime:0.001000s ]
SQL: SHOW COLUMNS FROM `p39_brand` [ RunTime:0.0040s ]
SQL: SELECT * FROM `p39_brand`  [ RunTime:0.0000s ]
NOTIC: [8] Undefined variable: val F:\thinkphp\Application\Runtime\Cache\Admin\12cf6a5c74297688873998de0720405d.php 第 84 行.
NOTIC: [8] Undefined variable: val F:\thinkphp\Application\Runtime\Cache\Admin\12cf6a5c74297688873998de0720405d.php 第 84 行.
NOTIC: [8] Undefined variable: val F:\thinkphp\Application\Runtime\Cache\Admin\12cf6a5c74297688873998de0720405d.php 第 84 行.
NOTIC: [8] Undefined variable: val F:\thinkphp\Application\Runtime\Cache\Admin\12cf6a5c74297688873998de0720405d.php 第 84 行.
NOTIC: [8] Undefined variable: val F:\thinkphp\Application\Runtime\Cache\Admin\12cf6a5c74297688873998de0720405d.php 第 84 行.
NOTIC: [8] Undefined variable: val F:\thinkphp\Application\Runtime\Cache\Admin\12cf6a5c74297688873998de0720405d.php 第 84 行.
INFO: Run Behavior\ParseTemplateBehavior [ RunTime:0.018001s ]
INFO: [ view_parse ] --END-- [ RunTime:0.018001s ]
INFO: [ view_filter ] --START--
INFO: Run Behavior\WriteHtmlCacheBehavior [ RunTime:0.000000s ]
INFO: [ view_filter ] --END-- [ RunTime:0.000000s ]
INFO: [ app_end ] --START--
INFO: Run Behavior\ShowPageTraceBehavior [ RunTime:0.001000s ]
INFO: [ app_end ] --END-- [ RunTime:0.001000s ]

[ 2016-12-12T22:27:28+08:00 ] 127.0.0.1 /index.php/Admin/Goods/lst?gn=&brand_id=&fp=&tp=&ios=&fa=&ta=&orderby=id_desc
INFO: [ app_init ] --START--
INFO: Run Behavior\BuildLiteBehavior [ RunTime:0.000000s ]
INFO: [ app_init ] --END-- [ RunTime:0.001001s ]
INFO: [ app_begin ] --START--
INFO: Run Behavior\ReadHtmlCacheBehavior [ RunTime:0.001000s ]
INFO: [ app_begin ] --END-- [ RunTime:0.001000s ]
SQL: SHOW COLUMNS FROM `p39_goods` [ RunTime:0.0050s ]
NOTIC: [8] Undefined variable: where F:\thinkphp\Application\Admin\Model\GoodsModel.class.php 第 150 行.
SQL: SELECT COUNT(*) AS tp_count FROM `p39_goods` LIMIT 1   [ RunTime:0.0010s ]
NOTIC: [8] Undefined variable: where F:\thinkphp\Application\Admin\Model\GoodsModel.class.php 第 162 行.
SQL: SELECT a.*,b.brand_name FROM p39_goods a LEFT JOIN p39_brand b ON b.id=a.brand_id  ORDER BY a.id desc LIMIT 0,10   [ RunTime:0.0010s ]
INFO: [ view_parse ] --START--
INFO: [ template_filter ] --START--
INFO: Run Behavior\ContentReplaceBehavior [ RunTime:0.001000s ]
INFO: [ template_filter ] --END-- [ RunTime:0.001000s ]
SQL: SHOW COLUMNS FROM `p39_brand` [ RunTime:0.0040s ]
SQL: SELECT * FROM `p39_brand`  [ RunTime:0.0000s ]
NOTIC: [8] Undefined variable: val F:\thinkphp\Application\Runtime\Cache\Admin\12cf6a5c74297688873998de0720405d.php 第 84 行.
NOTIC: [8] Undefined variable: val F:\thinkphp\Application\Runtime\Cache\Admin\12cf6a5c74297688873998de0720405d.php 第 84 行.
NOTIC: [8] Undefined variable: val F:\thinkphp\Application\Runtime\Cache\Admin\12cf6a5c74297688873998de0720405d.php 第 84 行.
NOTIC: [8] Undefined variable: val F:\thinkphp\Application\Runtime\Cache\Admin\12cf6a5c74297688873998de0720405d.php 第 84 行.
NOTIC: [8] Undefined variable: val F:\thinkphp\Application\Runtime\Cache\Admin\12cf6a5c74297688873998de0720405d.php 第 84 行.
NOTIC: [8] Undefined variable: val F:\thinkphp\Application\Runtime\Cache\Admin\12cf6a5c74297688873998de0720405d.php 第 84 行.
INFO: Run Behavior\ParseTemplateBehavior [ RunTime:0.020001s ]
INFO: [ view_parse ] --END-- [ RunTime:0.020001s ]
INFO: [ view_filter ] --START--
INFO: Run Behavior\WriteHtmlCacheBehavior [ RunTime:0.001000s ]
INFO: [ view_filter ] --END-- [ RunTime:0.001000s ]
INFO: [ app_end ] --START--
INFO: Run Behavior\ShowPageTraceBehavior [ RunTime:0.002001s ]
INFO: [ app_end ] --END-- [ RunTime:0.002001s ]

[ 2016-12-12T22:31:03+08:00 ] 127.0.0.1 /index.php/Admin/Goods/lst?gn=&brand_id=&fp=&tp=&ios=&fa=&ta=&orderby=id_desc
INFO: [ app_init ] --START--
INFO: Run Behavior\BuildLiteBehavior [ RunTime:0.000000s ]
INFO: [ app_init ] --END-- [ RunTime:0.001000s ]
INFO: [ app_begin ] --START--
INFO: Run Behavior\ReadHtmlCacheBehavior [ RunTime:0.001000s ]
INFO: [ app_begin ] --END-- [ RunTime:0.001000s ]
SQL: SHOW COLUMNS FROM `p39_goods` [ RunTime:0.0030s ]
NOTIC: [8] Undefined variable: where F:\thinkphp\Application\Admin\Model\GoodsModel.class.php 第 150 行.
SQL: SELECT COUNT(*) AS tp_count FROM `p39_goods` LIMIT 1   [ RunTime:0.0010s ]
NOTIC: [8] Undefined variable: where F:\thinkphp\Application\Admin\Model\GoodsModel.class.php 第 162 行.
SQL: SELECT a.*,b.brand_name FROM p39_goods a LEFT JOIN p39_brand b ON b.id=a.brand_id  ORDER BY a.id desc LIMIT 0,10   [ RunTime:0.0000s ]
INFO: [ view_parse ] --START--
INFO: [ template_filter ] --START--
INFO: Run Behavior\ContentReplaceBehavior [ RunTime:0.000000s ]
INFO: [ template_filter ] --END-- [ RunTime:0.000000s ]
SQL: SHOW COLUMNS FROM `p39_brand` [ RunTime:0.0040s ]
SQL: SELECT * FROM `p39_brand`  [ RunTime:0.0010s ]
NOTIC: [8] Undefined variable: val F:\thinkphp\Application\Runtime\Cache\Admin\12cf6a5c74297688873998de0720405d.php 第 84 行.
NOTIC: [8] Undefined variable: val F:\thinkphp\Application\Runtime\Cache\Admin\12cf6a5c74297688873998de0720405d.php 第 84 行.
NOTIC: [8] Undefined variable: val F:\thinkphp\Application\Runtime\Cache\Admin\12cf6a5c74297688873998de0720405d.php 第 84 行.
NOTIC: [8] Undefined variable: val F:\thinkphp\Application\Runtime\Cache\Admin\12cf6a5c74297688873998de0720405d.php 第 84 行.
NOTIC: [8] Undefined variable: val F:\thinkphp\Application\Runtime\Cache\Admin\12cf6a5c74297688873998de0720405d.php 第 84 行.
NOTIC: [8] Undefined variable: val F:\thinkphp\Application\Runtime\Cache\Admin\12cf6a5c74297688873998de0720405d.php 第 84 行.
INFO: Run Behavior\ParseTemplateBehavior [ RunTime:0.018001s ]
INFO: [ view_parse ] --END-- [ RunTime:0.018001s ]
INFO: [ view_filter ] --START--
INFO: Run Behavior\WriteHtmlCacheBehavior [ RunTime:0.001000s ]
INFO: [ view_filter ] --END-- [ RunTime:0.001000s ]
INFO: [ app_end ] --START--
INFO: Run Behavior\ShowPageTraceBehavior [ RunTime:0.001000s ]
INFO: [ app_end ] --END-- [ RunTime:0.002000s ]

[ 2016-12-12T22:39:12+08:00 ] 127.0.0.1 /index.php/Admin/Goods/lst?gn=&brand_id=&fp=&tp=&ios=&fa=&ta=&orderby=id_desc
INFO: [ app_init ] --START--
INFO: Run Behavior\BuildLiteBehavior [ RunTime:0.000000s ]
INFO: [ app_init ] --END-- [ RunTime:0.001000s ]
INFO: [ app_begin ] --START--
INFO: Run Behavior\ReadHtmlCacheBehavior [ RunTime:0.000000s ]
INFO: [ app_begin ] --END-- [ RunTime:0.000000s ]
SQL: SHOW COLUMNS FROM `p39_goods` [ RunTime:0.0050s ]
NOTIC: [8] Undefined variable: where F:\thinkphp\Application\Admin\Model\GoodsModel.class.php 第 155 行.
SQL: SELECT COUNT(*) AS tp_count FROM `p39_goods` LIMIT 1   [ RunTime:0.0000s ]
NOTIC: [8] Undefined variable: where F:\thinkphp\Application\Admin\Model\GoodsModel.class.php 第 167 行.
SQL: SELECT a.*,b.brand_name FROM p39_goods a LEFT JOIN p39_brand b ON b.id=a.brand_id  ORDER BY a.id desc LIMIT 0,10   [ RunTime:0.0010s ]
INFO: [ view_parse ] --START--
INFO: [ template_filter ] --START--
INFO: Run Behavior\ContentReplaceBehavior [ RunTime:0.000000s ]
INFO: [ template_filter ] --END-- [ RunTime:0.000000s ]
SQL: SHOW COLUMNS FROM `p39_brand` [ RunTime:0.0040s ]
SQL: SELECT * FROM `p39_brand`  [ RunTime:0.0000s ]
NOTIC: [8] Undefined variable: val F:\thinkphp\Application\Runtime\Cache\Admin\12cf6a5c74297688873998de0720405d.php 第 84 行.
NOTIC: [8] Undefined variable: val F:\thinkphp\Application\Runtime\Cache\Admin\12cf6a5c74297688873998de0720405d.php 第 84 行.
NOTIC: [8] Undefined variable: val F:\thinkphp\Application\Runtime\Cache\Admin\12cf6a5c74297688873998de0720405d.php 第 84 行.
NOTIC: [8] Undefined variable: val F:\thinkphp\Application\Runtime\Cache\Admin\12cf6a5c74297688873998de0720405d.php 第 84 行.
NOTIC: [8] Undefined variable: val F:\thinkphp\Application\Runtime\Cache\Admin\12cf6a5c74297688873998de0720405d.php 第 84 行.
NOTIC: [8] Undefined variable: val F:\thinkphp\Application\Runtime\Cache\Admin\12cf6a5c74297688873998de0720405d.php 第 84 行.
INFO: Run Behavior\ParseTemplateBehavior [ RunTime:0.018001s ]
INFO: [ view_parse ] --END-- [ RunTime:0.018001s ]
INFO: [ view_filter ] --START--
INFO: Run Behavior\WriteHtmlCacheBehavior [ RunTime:0.000000s ]
INFO: [ view_filter ] --END-- [ RunTime:0.000000s ]
INFO: [ app_end ] --START--
INFO: Run Behavior\ShowPageTraceBehavior [ RunTime:0.001000s ]
INFO: [ app_end ] --END-- [ RunTime:0.001000s ]

[ 2016-12-12T22:39:15+08:00 ] 127.0.0.1 /index.php/Admin/Goods/lst?gn=&brand_id=2&fp=&tp=&ios=&fa=&ta=&orderby=id_desc
INFO: [ app_init ] --START--
INFO: Run Behavior\BuildLiteBehavior [ RunTime:0.000000s ]
INFO: [ app_init ] --END-- [ RunTime:0.001000s ]
INFO: [ app_begin ] --START--
INFO: Run Behavior\ReadHtmlCacheBehavior [ RunTime:0.001000s ]
INFO: [ app_begin ] --END-- [ RunTime:0.001000s ]
SQL: SHOW COLUMNS FROM `p39_goods` [ RunTime:0.0050s ]
ERR: SQLSTATE[42S22]: Column not found: 1054 Unknown column 'a.brand_id' in 'where clause'

[ 2016-12-12T22:39:45+08:00 ] 127.0.0.1 /index.php/Admin/Goods/lst?gn=&brand_id=2&fp=&tp=&ios=&fa=&ta=&orderby=id_desc
INFO: [ app_init ] --START--
INFO: Run Behavior\BuildLiteBehavior [ RunTime:0.000000s ]
INFO: [ app_init ] --END-- [ RunTime:0.000000s ]
INFO: [ app_begin ] --START--
INFO: Run Behavior\ReadHtmlCacheBehavior [ RunTime:0.001000s ]
INFO: [ app_begin ] --END-- [ RunTime:0.001000s ]
SQL: SHOW COLUMNS FROM `p39_goods` [ RunTime:0.0050s ]
ERR: SQLSTATE[42S22]: Column not found: 1054 Unknown column 'a.brand_id' in 'where clause'

[ 2016-12-12T22:39:52+08:00 ] 127.0.0.1 /index.php/Admin/Goods/lst
INFO: [ app_init ] --START--
INFO: Run Behavior\BuildLiteBehavior [ RunTime:0.000000s ]
INFO: [ app_init ] --END-- [ RunTime:0.000000s ]
INFO: [ app_begin ] --START--
INFO: Run Behavior\ReadHtmlCacheBehavior [ RunTime:0.001000s ]
INFO: [ app_begin ] --END-- [ RunTime:0.001000s ]
SQL: SHOW COLUMNS FROM `p39_goods` [ RunTime:0.0040s ]
NOTIC: [8] Undefined variable: where F:\thinkphp\Application\Admin\Model\GoodsModel.class.php 第 155 行.
SQL: SELECT COUNT(*) AS tp_count FROM `p39_goods` LIMIT 1   [ RunTime:0.0000s ]
NOTIC: [8] Undefined variable: where F:\thinkphp\Application\Admin\Model\GoodsModel.class.php 第 167 行.
SQL: SELECT a.*,b.brand_name FROM p39_goods a LEFT JOIN p39_brand b ON b.id=a.brand_id  ORDER BY a.id desc LIMIT 0,10   [ RunTime:0.0010s ]
INFO: [ view_parse ] --START--
INFO: [ template_filter ] --START--
INFO: Run Behavior\ContentReplaceBehavior [ RunTime:0.000000s ]
INFO: [ template_filter ] --END-- [ RunTime:0.000000s ]
SQL: SHOW COLUMNS FROM `p39_brand` [ RunTime:0.0040s ]
SQL: SELECT * FROM `p39_brand`  [ RunTime:0.0010s ]
NOTIC: [8] Undefined variable: val F:\thinkphp\Application\Runtime\Cache\Admin\12cf6a5c74297688873998de0720405d.php 第 84 行.
NOTIC: [8] Undefined variable: val F:\thinkphp\Application\Runtime\Cache\Admin\12cf6a5c74297688873998de0720405d.php 第 84 行.
NOTIC: [8] Undefined variable: val F:\thinkphp\Application\Runtime\Cache\Admin\12cf6a5c74297688873998de0720405d.php 第 84 行.
NOTIC: [8] Undefined variable: val F:\thinkphp\Application\Runtime\Cache\Admin\12cf6a5c74297688873998de0720405d.php 第 84 行.
NOTIC: [8] Undefined variable: val F:\thinkphp\Application\Runtime\Cache\Admin\12cf6a5c74297688873998de0720405d.php 第 84 行.
NOTIC: [8] Undefined variable: val F:\thinkphp\Application\Runtime\Cache\Admin\12cf6a5c74297688873998de0720405d.php 第 84 行.
INFO: Run Behavior\ParseTemplateBehavior [ RunTime:0.019001s ]
INFO: [ view_parse ] --END-- [ RunTime:0.019001s ]
INFO: [ view_filter ] --START--
INFO: Run Behavior\WriteHtmlCacheBehavior [ RunTime:0.001000s ]
INFO: [ view_filter ] --END-- [ RunTime:0.001000s ]
INFO: [ app_end ] --START--
INFO: Run Behavior\ShowPageTraceBehavior [ RunTime:0.002000s ]
INFO: [ app_end ] --END-- [ RunTime:0.002000s ]

[ 2016-12-12T22:39:56+08:00 ] 127.0.0.1 /index.php/Admin/Goods/lst?gn=&brand_id=2&fp=&tp=&ios=&fa=&ta=&orderby=id_desc
INFO: [ app_init ] --START--
INFO: Run Behavior\BuildLiteBehavior [ RunTime:0.000000s ]
INFO: [ app_init ] --END-- [ RunTime:0.000000s ]
INFO: [ app_begin ] --START--
INFO: Run Behavior\ReadHtmlCacheBehavior [ RunTime:0.001000s ]
INFO: [ app_begin ] --END-- [ RunTime:0.001000s ]
SQL: SHOW COLUMNS FROM `p39_goods` [ RunTime:0.0040s ]
ERR: SQLSTATE[42S22]: Column not found: 1054 Unknown column 'a.brand_id' in 'where clause'

[ 2016-12-12T22:40:07+08:00 ] 127.0.0.1 /index.php/Admin/Goods/lst
INFO: [ app_init ] --START--
INFO: Run Behavior\BuildLiteBehavior [ RunTime:0.000000s ]
INFO: [ app_init ] --END-- [ RunTime:0.001000s ]
INFO: [ app_begin ] --START--
INFO: Run Behavior\ReadHtmlCacheBehavior [ RunTime:0.001000s ]
INFO: [ app_begin ] --END-- [ RunTime:0.001000s ]
SQL: SHOW COLUMNS FROM `p39_goods` [ RunTime:0.0040s ]
NOTIC: [8] Undefined variable: where F:\thinkphp\Application\Admin\Model\GoodsModel.class.php 第 155 行.
SQL: SELECT COUNT(*) AS tp_count FROM `p39_goods` LIMIT 1   [ RunTime:0.0010s ]
NOTIC: [8] Undefined variable: where F:\thinkphp\Application\Admin\Model\GoodsModel.class.php 第 167 行.
SQL: SELECT a.*,b.brand_name FROM p39_goods a LEFT JOIN p39_brand b ON b.id=a.brand_id  ORDER BY a.id desc LIMIT 0,10   [ RunTime:0.0010s ]
INFO: [ view_parse ] --START--
INFO: [ template_filter ] --START--
INFO: Run Behavior\ContentReplaceBehavior [ RunTime:0.000000s ]
INFO: [ template_filter ] --END-- [ RunTime:0.000000s ]
SQL: SHOW COLUMNS FROM `p39_brand` [ RunTime:0.0040s ]
SQL: SELECT * FROM `p39_brand`  [ RunTime:0.0000s ]
NOTIC: [8] Undefined variable: val F:\thinkphp\Application\Runtime\Cache\Admin\12cf6a5c74297688873998de0720405d.php 第 84 行.
NOTIC: [8] Undefined variable: val F:\thinkphp\Application\Runtime\Cache\Admin\12cf6a5c74297688873998de0720405d.php 第 84 行.
NOTIC: [8] Undefined variable: val F:\thinkphp\Application\Runtime\Cache\Admin\12cf6a5c74297688873998de0720405d.php 第 84 行.
NOTIC: [8] Undefined variable: val F:\thinkphp\Application\Runtime\Cache\Admin\12cf6a5c74297688873998de0720405d.php 第 84 行.
NOTIC: [8] Undefined variable: val F:\thinkphp\Application\Runtime\Cache\Admin\12cf6a5c74297688873998de0720405d.php 第 84 行.
NOTIC: [8] Undefined variable: val F:\thinkphp\Application\Runtime\Cache\Admin\12cf6a5c74297688873998de0720405d.php 第 84 行.
INFO: Run Behavior\ParseTemplateBehavior [ RunTime:0.018001s ]
INFO: [ view_parse ] --END-- [ RunTime:0.018001s ]
INFO: [ view_filter ] --START--
INFO: Run Behavior\WriteHtmlCacheBehavior [ RunTime:0.000000s ]
INFO: [ view_filter ] --END-- [ RunTime:0.000000s ]
INFO: [ app_end ] --START--
INFO: Run Behavior\ShowPageTraceBehavior [ RunTime:0.002000s ]
INFO: [ app_end ] --END-- [ RunTime:0.002000s ]

[ 2016-12-12T22:40:09+08:00 ] 127.0.0.1 /index.php/Admin/Goods/lst?gn=&brand_id=&fp=&tp=&ios=&fa=&ta=&orderby=id_desc
INFO: [ app_init ] --START--
INFO: Run Behavior\BuildLiteBehavior [ RunTime:0.000000s ]
INFO: [ app_init ] --END-- [ RunTime:0.001000s ]
INFO: [ app_begin ] --START--
INFO: Run Behavior\ReadHtmlCacheBehavior [ RunTime:0.002000s ]
INFO: [ app_begin ] --END-- [ RunTime:0.002000s ]
SQL: SHOW COLUMNS FROM `p39_goods` [ RunTime:0.0060s ]
NOTIC: [8] Undefined variable: where F:\thinkphp\Application\Admin\Model\GoodsModel.class.php 第 155 行.
SQL: SELECT COUNT(*) AS tp_count FROM `p39_goods` LIMIT 1   [ RunTime:0.0010s ]
NOTIC: [8] Undefined variable: where F:\thinkphp\Application\Admin\Model\GoodsModel.class.php 第 167 行.
SQL: SELECT a.*,b.brand_name FROM p39_goods a LEFT JOIN p39_brand b ON b.id=a.brand_id  ORDER BY a.id desc LIMIT 0,10   [ RunTime:0.0010s ]
INFO: [ view_parse ] --START--
INFO: [ template_filter ] --START--
INFO: Run Behavior\ContentReplaceBehavior [ RunTime:0.000000s ]
INFO: [ template_filter ] --END-- [ RunTime:0.001000s ]
SQL: SHOW COLUMNS FROM `p39_brand` [ RunTime:0.0050s ]
SQL: SELECT * FROM `p39_brand`  [ RunTime:0.0010s ]
NOTIC: [8] Undefined variable: val F:\thinkphp\Application\Runtime\Cache\Admin\12cf6a5c74297688873998de0720405d.php 第 84 行.
NOTIC: [8] Undefined variable: val F:\thinkphp\Application\Runtime\Cache\Admin\12cf6a5c74297688873998de0720405d.php 第 84 行.
NOTIC: [8] Undefined variable: val F:\thinkphp\Application\Runtime\Cache\Admin\12cf6a5c74297688873998de0720405d.php 第 84 行.
NOTIC: [8] Undefined variable: val F:\thinkphp\Application\Runtime\Cache\Admin\12cf6a5c74297688873998de0720405d.php 第 84 行.
NOTIC: [8] Undefined variable: val F:\thinkphp\Application\Runtime\Cache\Admin\12cf6a5c74297688873998de0720405d.php 第 84 行.
NOTIC: [8] Undefined variable: val F:\thinkphp\Application\Runtime\Cache\Admin\12cf6a5c74297688873998de0720405d.php 第 84 行.
INFO: Run Behavior\ParseTemplateBehavior [ RunTime:0.024001s ]
INFO: [ view_parse ] --END-- [ RunTime:0.025001s ]
INFO: [ view_filter ] --START--
INFO: Run Behavior\WriteHtmlCacheBehavior [ RunTime:0.001000s ]
INFO: [ view_filter ] --END-- [ RunTime:0.001000s ]
INFO: [ app_end ] --START--
INFO: Run Behavior\ShowPageTraceBehavior [ RunTime:0.001000s ]
INFO: [ app_end ] --END-- [ RunTime:0.001000s ]

[ 2016-12-12T22:40:10+08:00 ] 127.0.0.1 /index.php/Admin/Goods/lst?gn=&brand_id=&fp=&tp=&ios=&fa=&ta=&orderby=id_asc
INFO: [ app_init ] --START--
INFO: Run Behavior\BuildLiteBehavior [ RunTime:0.000000s ]
INFO: [ app_init ] --END-- [ RunTime:0.001000s ]
INFO: [ app_begin ] --START--
INFO: Run Behavior\ReadHtmlCacheBehavior [ RunTime:0.001000s ]
INFO: [ app_begin ] --END-- [ RunTime:0.001000s ]
SQL: SHOW COLUMNS FROM `p39_goods` [ RunTime:0.0040s ]
NOTIC: [8] Undefined variable: where F:\thinkphp\Application\Admin\Model\GoodsModel.class.php 第 155 行.
SQL: SELECT COUNT(*) AS tp_count FROM `p39_goods` LIMIT 1   [ RunTime:0.0000s ]
NOTIC: [8] Undefined variable: where F:\thinkphp\Application\Admin\Model\GoodsModel.class.php 第 167 行.
SQL: SELECT a.*,b.brand_name FROM p39_goods a LEFT JOIN p39_brand b ON b.id=a.brand_id  ORDER BY a.id asc LIMIT 0,10   [ RunTime:0.0000s ]
INFO: [ view_parse ] --START--
INFO: [ template_filter ] --START--
INFO: Run Behavior\ContentReplaceBehavior [ RunTime:0.001000s ]
INFO: [ template_filter ] --END-- [ RunTime:0.001000s ]
SQL: SHOW COLUMNS FROM `p39_brand` [ RunTime:0.0040s ]
SQL: SELECT * FROM `p39_brand`  [ RunTime:0.0010s ]
NOTIC: [8] Undefined variable: val F:\thinkphp\Application\Runtime\Cache\Admin\12cf6a5c74297688873998de0720405d.php 第 84 行.
NOTIC: [8] Undefined variable: val F:\thinkphp\Application\Runtime\Cache\Admin\12cf6a5c74297688873998de0720405d.php 第 84 行.
NOTIC: [8] Undefined variable: val F:\thinkphp\Application\Runtime\Cache\Admin\12cf6a5c74297688873998de0720405d.php 第 84 行.
NOTIC: [8] Undefined variable: val F:\thinkphp\Application\Runtime\Cache\Admin\12cf6a5c74297688873998de0720405d.php 第 84 行.
NOTIC: [8] Undefined variable: val F:\thinkphp\Application\Runtime\Cache\Admin\12cf6a5c74297688873998de0720405d.php 第 84 行.
NOTIC: [8] Undefined variable: val F:\thinkphp\Application\Runtime\Cache\Admin\12cf6a5c74297688873998de0720405d.php 第 84 行.
INFO: Run Behavior\ParseTemplateBehavior [ RunTime:0.016001s ]
INFO: [ view_parse ] --END-- [ RunTime:0.016001s ]
INFO: [ view_filter ] --START--
INFO: Run Behavior\WriteHtmlCacheBehavior [ RunTime:0.000000s ]
INFO: [ view_filter ] --END-- [ RunTime:0.000000s ]
INFO: [ app_end ] --START--
INFO: Run Behavior\ShowPageTraceBehavior [ RunTime:0.001000s ]
INFO: [ app_end ] --END-- [ RunTime:0.001000s ]

[ 2016-12-12T22:40:13+08:00 ] 127.0.0.1 /index.php/Admin/Goods/lst?gn=&brand_id=&fp=&tp=&ios=%E6%98%AF&fa=&ta=&orderby=id_asc
INFO: [ app_init ] --START--
INFO: Run Behavior\BuildLiteBehavior [ RunTime:0.000000s ]
INFO: [ app_init ] --END-- [ RunTime:0.001000s ]
INFO: [ app_begin ] --START--
INFO: Run Behavior\ReadHtmlCacheBehavior [ RunTime:0.002000s ]
INFO: [ app_begin ] --END-- [ RunTime:0.002000s ]
SQL: SHOW COLUMNS FROM `p39_goods` [ RunTime:0.0060s ]
ERR: SQLSTATE[42S22]: Column not found: 1054 Unknown column 'a.is_on_sale' in 'where clause'

[ 2016-12-12T22:44:13+08:00 ] 127.0.0.1 /index.php/Admin/Goods/lst?gn=&brand_id=&fp=&tp=&ios=%E6%98%AF&fa=&ta=&orderby=id_asc
INFO: [ app_init ] --START--
INFO: Run Behavior\BuildLiteBehavior [ RunTime:0.000000s ]
INFO: [ app_init ] --END-- [ RunTime:0.001000s ]
INFO: [ app_begin ] --START--
INFO: Run Behavior\ReadHtmlCacheBehavior [ RunTime:0.001000s ]
INFO: [ app_begin ] --END-- [ RunTime:0.001000s ]
SQL: SHOW COLUMNS FROM `p39_goods` [ RunTime:0.0040s ]
ERR: SQLSTATE[42S22]: Column not found: 1054 Unknown column 'a.is_on_sale' in 'where clause'

[ 2016-12-12T22:44:19+08:00 ] 127.0.0.1 /index.php/Admin/Goods/lst
INFO: [ app_init ] --START--
INFO: Run Behavior\BuildLiteBehavior [ RunTime:0.000000s ]
INFO: [ app_init ] --END-- [ RunTime:0.001000s ]
INFO: [ app_begin ] --START--
INFO: Run Behavior\ReadHtmlCacheBehavior [ RunTime:0.000000s ]
INFO: [ app_begin ] --END-- [ RunTime:0.000000s ]
SQL: SHOW COLUMNS FROM `p39_goods` [ RunTime:0.0060s ]
SQL: SELECT COUNT(*) AS tp_count FROM `p39_goods` LIMIT 1   [ RunTime:0.0000s ]
SQL: SELECT a.*,b.brand_name FROM p39_goods a LEFT JOIN p39_brand b ON a.brand_id=b.id  ORDER BY a.id desc LIMIT 0,5   [ RunTime:0.0000s ]
INFO: [ view_parse ] --START--
INFO: [ template_filter ] --START--
INFO: Run Behavior\ContentReplaceBehavior [ RunTime:0.000000s ]
INFO: [ template_filter ] --END-- [ RunTime:0.000000s ]
SQL: SHOW COLUMNS FROM `p39_brand` [ RunTime:0.0020s ]
SQL: SELECT * FROM `p39_brand`  [ RunTime:0.0010s ]
NOTIC: [8] Undefined variable: val F:\thinkphp\Application\Runtime\Cache\Admin\12cf6a5c74297688873998de0720405d.php 第 84 行.
NOTIC: [8] Undefined variable: val F:\thinkphp\Application\Runtime\Cache\Admin\12cf6a5c74297688873998de0720405d.php 第 84 行.
NOTIC: [8] Undefined variable: val F:\thinkphp\Application\Runtime\Cache\Admin\12cf6a5c74297688873998de0720405d.php 第 84 行.
NOTIC: [8] Undefined variable: val F:\thinkphp\Application\Runtime\Cache\Admin\12cf6a5c74297688873998de0720405d.php 第 84 行.
NOTIC: [8] Undefined variable: val F:\thinkphp\Application\Runtime\Cache\Admin\12cf6a5c74297688873998de0720405d.php 第 84 行.
INFO: Run Behavior\ParseTemplateBehavior [ RunTime:0.015001s ]
INFO: [ view_parse ] --END-- [ RunTime:0.015001s ]
INFO: [ view_filter ] --START--
INFO: Run Behavior\WriteHtmlCacheBehavior [ RunTime:0.001000s ]
INFO: [ view_filter ] --END-- [ RunTime:0.001000s ]
INFO: [ app_end ] --START--
INFO: Run Behavior\ShowPageTraceBehavior [ RunTime:0.001000s ]
INFO: [ app_end ] --END-- [ RunTime:0.001000s ]

[ 2016-12-12T22:44:23+08:00 ] 127.0.0.1 /index.php/Admin/Goods/lst?gn=&brand_id=&fp=&tp=&ios=%E6%98%AF&fa=&ta=
INFO: [ app_init ] --START--
INFO: Run Behavior\BuildLiteBehavior [ RunTime:0.000000s ]
INFO: [ app_init ] --END-- [ RunTime:0.001000s ]
INFO: [ app_begin ] --START--
INFO: Run Behavior\ReadHtmlCacheBehavior [ RunTime:0.002000s ]
INFO: [ app_begin ] --END-- [ RunTime:0.002000s ]
SQL: SHOW COLUMNS FROM `p39_goods` [ RunTime:0.0040s ]
ERR: SQLSTATE[42S22]: Column not found: 1054 Unknown column 'a.is_on_sale' in 'where clause'

[ 2016-12-12T22:44:41+08:00 ] 127.0.0.1 /index.php/Admin/Goods/lst?gn=&brand_id=&fp=&tp=&ios=%E6%98%AF&fa=&ta=&orderby=id_asc
INFO: [ app_init ] --START--
INFO: Run Behavior\BuildLiteBehavior [ RunTime:0.000000s ]
INFO: [ app_init ] --END-- [ RunTime:0.001000s ]
INFO: [ app_begin ] --START--
INFO: Run Behavior\ReadHtmlCacheBehavior [ RunTime:0.000000s ]
INFO: [ app_begin ] --END-- [ RunTime:0.000000s ]
SQL: SHOW COLUMNS FROM `p39_goods` [ RunTime:0.0040s ]
ERR: SQLSTATE[42S22]: Column not found: 1054 Unknown column 'a.is_on_sale' in 'where clause'

[ 2016-12-12T22:44:47+08:00 ] 127.0.0.1 /index.php/Admin/Goods/lst?gn=&brand_id=&fp=&tp=&ios=&fa=&ta=&orderby=price_asc
INFO: [ app_init ] --START--
INFO: Run Behavior\BuildLiteBehavior [ RunTime:0.000000s ]
INFO: [ app_init ] --END-- [ RunTime:0.000000s ]
INFO: [ app_begin ] --START--
INFO: Run Behavior\ReadHtmlCacheBehavior [ RunTime:0.001000s ]
INFO: [ app_begin ] --END-- [ RunTime:0.001000s ]
SQL: SHOW COLUMNS FROM `p39_goods` [ RunTime:0.0050s ]
SQL: SELECT COUNT(*) AS tp_count FROM `p39_goods` LIMIT 1   [ RunTime:0.0010s ]
SQL: SELECT a.*,b.brand_name FROM p39_goods a LEFT JOIN p39_brand b ON a.brand_id=b.id  ORDER BY a.id desc LIMIT 0,5   [ RunTime:0.0010s ]
INFO: [ view_parse ] --START--
INFO: [ template_filter ] --START--
INFO: Run Behavior\ContentReplaceBehavior [ RunTime:0.000000s ]
INFO: [ template_filter ] --END-- [ RunTime:0.000000s ]
SQL: SHOW COLUMNS FROM `p39_brand` [ RunTime:0.0040s ]
SQL: SELECT * FROM `p39_brand`  [ RunTime:0.0000s ]
NOTIC: [8] Undefined variable: val F:\thinkphp\Application\Runtime\Cache\Admin\12cf6a5c74297688873998de0720405d.php 第 84 行.
NOTIC: [8] Undefined variable: val F:\thinkphp\Application\Runtime\Cache\Admin\12cf6a5c74297688873998de0720405d.php 第 84 行.
NOTIC: [8] Undefined variable: val F:\thinkphp\Application\Runtime\Cache\Admin\12cf6a5c74297688873998de0720405d.php 第 84 行.
NOTIC: [8] Undefined variable: val F:\thinkphp\Application\Runtime\Cache\Admin\12cf6a5c74297688873998de0720405d.php 第 84 行.
NOTIC: [8] Undefined variable: val F:\thinkphp\Application\Runtime\Cache\Admin\12cf6a5c74297688873998de0720405d.php 第 84 行.
INFO: Run Behavior\ParseTemplateBehavior [ RunTime:0.020001s ]
INFO: [ view_parse ] --END-- [ RunTime:0.020001s ]
INFO: [ view_filter ] --START--
INFO: Run Behavior\WriteHtmlCacheBehavior [ RunTime:0.000000s ]
INFO: [ view_filter ] --END-- [ RunTime:0.000000s ]
INFO: [ app_end ] --START--
INFO: Run Behavior\ShowPageTraceBehavior [ RunTime:0.001000s ]
INFO: [ app_end ] --END-- [ RunTime:0.001000s ]

[ 2016-12-12T22:46:07+08:00 ] 127.0.0.1 /index.php/Admin/Goods/lst?gn=&brand_id=&fp=&tp=&ios=&fa=&ta=&orderby=price_asc
INFO: [ app_init ] --START--
INFO: Run Behavior\BuildLiteBehavior [ RunTime:0.000000s ]
INFO: [ app_init ] --END-- [ RunTime:0.001000s ]
INFO: [ app_begin ] --START--
INFO: Run Behavior\ReadHtmlCacheBehavior [ RunTime:0.001000s ]
INFO: [ app_begin ] --END-- [ RunTime:0.001000s ]
SQL: SHOW COLUMNS FROM `p39_goods` [ RunTime:0.0040s ]
NOTIC: [8] Undefined variable: where F:\thinkphp\Application\Admin\Model\GoodsModel.class.php 第 155 行.
SQL: SELECT COUNT(*) AS tp_count FROM `p39_goods` LIMIT 1   [ RunTime:0.0000s ]
NOTIC: [8] Undefined variable: where F:\thinkphp\Application\Admin\Model\GoodsModel.class.php 第 167 行.
SQL: SELECT a.*,b.brand_name FROM p39_goods a LEFT JOIN p39_brand b ON b.id=a.brand_id  ORDER BY shop_price asc LIMIT 0,10   [ RunTime:0.0020s ]
INFO: [ view_parse ] --START--
INFO: [ template_filter ] --START--
INFO: Run Behavior\ContentReplaceBehavior [ RunTime:0.000000s ]
INFO: [ template_filter ] --END-- [ RunTime:0.000000s ]
SQL: SHOW COLUMNS FROM `p39_brand` [ RunTime:0.0040s ]
SQL: SELECT * FROM `p39_brand`  [ RunTime:0.0000s ]
NOTIC: [8] Undefined variable: val F:\thinkphp\Application\Runtime\Cache\Admin\12cf6a5c74297688873998de0720405d.php 第 84 行.
NOTIC: [8] Undefined variable: val F:\thinkphp\Application\Runtime\Cache\Admin\12cf6a5c74297688873998de0720405d.php 第 84 行.
NOTIC: [8] Undefined variable: val F:\thinkphp\Application\Runtime\Cache\Admin\12cf6a5c74297688873998de0720405d.php 第 84 行.
NOTIC: [8] Undefined variable: val F:\thinkphp\Application\Runtime\Cache\Admin\12cf6a5c74297688873998de0720405d.php 第 84 行.
NOTIC: [8] Undefined variable: val F:\thinkphp\Application\Runtime\Cache\Admin\12cf6a5c74297688873998de0720405d.php 第 84 行.
NOTIC: [8] Undefined variable: val F:\thinkphp\Application\Runtime\Cache\Admin\12cf6a5c74297688873998de0720405d.php 第 84 行.
INFO: Run Behavior\ParseTemplateBehavior [ RunTime:0.015001s ]
INFO: [ view_parse ] --END-- [ RunTime:0.015001s ]
INFO: [ view_filter ] --START--
INFO: Run Behavior\WriteHtmlCacheBehavior [ RunTime:0.000000s ]
INFO: [ view_filter ] --END-- [ RunTime:0.000000s ]
INFO: [ app_end ] --START--
INFO: Run Behavior\ShowPageTraceBehavior [ RunTime:0.001000s ]
INFO: [ app_end ] --END-- [ RunTime:0.001000s ]

[ 2016-12-12T22:46:10+08:00 ] 127.0.0.1 /index.php/Admin/Goods/lst?gn=&brand_id=2&fp=&tp=&ios=&fa=&ta=&orderby=price_asc
INFO: [ app_init ] --START--
INFO: Run Behavior\BuildLiteBehavior [ RunTime:0.000000s ]
INFO: [ app_init ] --END-- [ RunTime:0.001000s ]
INFO: [ app_begin ] --START--
INFO: Run Behavior\ReadHtmlCacheBehavior [ RunTime:0.001000s ]
INFO: [ app_begin ] --END-- [ RunTime:0.001000s ]
SQL: SHOW COLUMNS FROM `p39_goods` [ RunTime:0.0050s ]
ERR: SQLSTATE[42S22]: Column not found: 1054 Unknown column 'a.brand_id' in 'where clause'

[ 2016-12-12T22:48:29+08:00 ] 127.0.0.1 /index.php/Admin/Goods/lst?gn=&brand_id=2&fp=&tp=&ios=&fa=&ta=&orderby=price_asc
INFO: [ app_init ] --START--
INFO: Run Behavior\BuildLiteBehavior [ RunTime:0.000000s ]
INFO: [ app_init ] --END-- [ RunTime:0.001000s ]
INFO: [ app_begin ] --START--
INFO: Run Behavior\ReadHtmlCacheBehavior [ RunTime:0.001000s ]
INFO: [ app_begin ] --END-- [ RunTime:0.001000s ]
SQL: SHOW COLUMNS FROM `p39_goods` [ RunTime:0.0030s ]
SQL: SELECT COUNT(*) AS tp_count FROM `p39_goods` WHERE `brand_id` = '2' LIMIT 1   [ RunTime:0.0000s ]
SQL: SELECT a.*,b.brand_name FROM p39_goods a LEFT JOIN p39_brand b ON b.id=a.brand_id  WHERE `brand_id` = '2' ORDER BY shop_price asc LIMIT 0,10   [ RunTime:0.0010s ]
INFO: [ view_parse ] --START--
INFO: [ template_filter ] --START--
INFO: Run Behavior\ContentReplaceBehavior [ RunTime:0.000000s ]
INFO: [ template_filter ] --END-- [ RunTime:0.000000s ]
SQL: SHOW COLUMNS FROM `p39_brand` [ RunTime:0.0030s ]
SQL: SELECT * FROM `p39_brand`  [ RunTime:0.0000s ]
NOTIC: [8] Undefined variable: val F:\thinkphp\Application\Runtime\Cache\Admin\12cf6a5c74297688873998de0720405d.php 第 84 行.
INFO: Run Behavior\ParseTemplateBehavior [ RunTime:0.014001s ]
INFO: [ view_parse ] --END-- [ RunTime:0.014001s ]
INFO: [ view_filter ] --START--
INFO: Run Behavior\WriteHtmlCacheBehavior [ RunTime:0.000000s ]
INFO: [ view_filter ] --END-- [ RunTime:0.000000s ]
INFO: [ app_end ] --START--
INFO: Run Behavior\ShowPageTraceBehavior [ RunTime:0.001000s ]
INFO: [ app_end ] --END-- [ RunTime:0.001000s ]

[ 2016-12-12T22:48:31+08:00 ] 127.0.0.1 /index.php/Admin/Goods/lst?gn=&brand_id=2&fp=&tp=&ios=&fa=&ta=&orderby=price_asc
INFO: [ app_init ] --START--
INFO: Run Behavior\BuildLiteBehavior [ RunTime:0.000000s ]
INFO: [ app_init ] --END-- [ RunTime:0.000000s ]
INFO: [ app_begin ] --START--
INFO: Run Behavior\ReadHtmlCacheBehavior [ RunTime:0.001000s ]
INFO: [ app_begin ] --END-- [ RunTime:0.001000s ]
SQL: SHOW COLUMNS FROM `p39_goods` [ RunTime:0.0040s ]
SQL: SELECT COUNT(*) AS tp_count FROM `p39_goods` WHERE `brand_id` = '2' LIMIT 1   [ RunTime:0.0010s ]
SQL: SELECT a.*,b.brand_name FROM p39_goods a LEFT JOIN p39_brand b ON b.id=a.brand_id  WHERE `brand_id` = '2' ORDER BY shop_price asc LIMIT 0,10   [ RunTime:0.0010s ]
INFO: [ view_parse ] --START--
INFO: [ template_filter ] --START--
INFO: Run Behavior\ContentReplaceBehavior [ RunTime:0.000000s ]
INFO: [ template_filter ] --END-- [ RunTime:0.000000s ]
SQL: SHOW COLUMNS FROM `p39_brand` [ RunTime:0.0030s ]
SQL: SELECT * FROM `p39_brand`  [ RunTime:0.0000s ]
NOTIC: [8] Undefined variable: val F:\thinkphp\Application\Runtime\Cache\Admin\12cf6a5c74297688873998de0720405d.php 第 84 行.
INFO: Run Behavior\ParseTemplateBehavior [ RunTime:0.018001s ]
INFO: [ view_parse ] --END-- [ RunTime:0.018001s ]
INFO: [ view_filter ] --START--
INFO: Run Behavior\WriteHtmlCacheBehavior [ RunTime:0.000000s ]
INFO: [ view_filter ] --END-- [ RunTime:0.000000s ]
INFO: [ app_end ] --START--
INFO: Run Behavior\ShowPageTraceBehavior [ RunTime:0.001000s ]
INFO: [ app_end ] --END-- [ RunTime:0.001000s ]

[ 2016-12-12T22:48:37+08:00 ] 127.0.0.1 /index.php/Admin/Goods/lst?gn=&brand_id=&fp=&tp=&ios=&fa=&ta=&orderby=price_asc
INFO: [ app_init ] --START--
INFO: Run Behavior\BuildLiteBehavior [ RunTime:0.000000s ]
INFO: [ app_init ] --END-- [ RunTime:0.001000s ]
INFO: [ app_begin ] --START--
INFO: Run Behavior\ReadHtmlCacheBehavior [ RunTime:0.001000s ]
INFO: [ app_begin ] --END-- [ RunTime:0.001000s ]
SQL: SHOW COLUMNS FROM `p39_goods` [ RunTime:0.0060s ]
NOTIC: [8] Undefined variable: where F:\thinkphp\Application\Admin\Model\GoodsModel.class.php 第 155 行.
SQL: SELECT COUNT(*) AS tp_count FROM `p39_goods` LIMIT 1   [ RunTime:0.0000s ]
NOTIC: [8] Undefined variable: where F:\thinkphp\Application\Admin\Model\GoodsModel.class.php 第 167 行.
SQL: SELECT a.*,b.brand_name FROM p39_goods a LEFT JOIN p39_brand b ON b.id=a.brand_id  ORDER BY shop_price asc LIMIT 0,10   [ RunTime:0.0010s ]
INFO: [ view_parse ] --START--
INFO: [ template_filter ] --START--
INFO: Run Behavior\ContentReplaceBehavior [ RunTime:0.000000s ]
INFO: [ template_filter ] --END-- [ RunTime:0.000000s ]
SQL: SHOW COLUMNS FROM `p39_brand` [ RunTime:0.0040s ]
SQL: SELECT * FROM `p39_brand`  [ RunTime:0.0000s ]
NOTIC: [8] Undefined variable: val F:\thinkphp\Application\Runtime\Cache\Admin\12cf6a5c74297688873998de0720405d.php 第 84 行.
NOTIC: [8] Undefined variable: val F:\thinkphp\Application\Runtime\Cache\Admin\12cf6a5c74297688873998de0720405d.php 第 84 行.
NOTIC: [8] Undefined variable: val F:\thinkphp\Application\Runtime\Cache\Admin\12cf6a5c74297688873998de0720405d.php 第 84 行.
NOTIC: [8] Undefined variable: val F:\thinkphp\Application\Runtime\Cache\Admin\12cf6a5c74297688873998de0720405d.php 第 84 行.
NOTIC: [8] Undefined variable: val F:\thinkphp\Application\Runtime\Cache\Admin\12cf6a5c74297688873998de0720405d.php 第 84 行.
NOTIC: [8] Undefined variable: val F:\thinkphp\Application\Runtime\Cache\Admin\12cf6a5c74297688873998de0720405d.php 第 84 行.
INFO: Run Behavior\ParseTemplateBehavior [ RunTime:0.022001s ]
INFO: [ view_parse ] --END-- [ RunTime:0.022001s ]
INFO: [ view_filter ] --START--
INFO: Run Behavior\WriteHtmlCacheBehavior [ RunTime:0.001000s ]
INFO: [ view_filter ] --END-- [ RunTime:0.001000s ]
INFO: [ app_end ] --START--
INFO: Run Behavior\ShowPageTraceBehavior [ RunTime:0.001000s ]
INFO: [ app_end ] --END-- [ RunTime:0.001000s ]

[ 2016-12-12T22:48:56+08:00 ] 127.0.0.1 /index.php/Admin/Goods/lst?gn=&brand_id=&fp=&tp=&ios=&fa=&ta=&orderby=id_desc
INFO: [ app_init ] --START--
INFO: Run Behavior\BuildLiteBehavior [ RunTime:0.000000s ]
INFO: [ app_init ] --END-- [ RunTime:0.001000s ]
INFO: [ app_begin ] --START--
INFO: Run Behavior\ReadHtmlCacheBehavior [ RunTime:0.001000s ]
INFO: [ app_begin ] --END-- [ RunTime:0.001000s ]
SQL: SHOW COLUMNS FROM `p39_goods` [ RunTime:0.0050s ]
NOTIC: [8] Undefined variable: where F:\thinkphp\Application\Admin\Model\GoodsModel.class.php 第 155 行.
SQL: SELECT COUNT(*) AS tp_count FROM `p39_goods` LIMIT 1   [ RunTime:0.0010s ]
NOTIC: [8] Undefined variable: where F:\thinkphp\Application\Admin\Model\GoodsModel.class.php 第 167 行.
SQL: SELECT a.*,b.brand_name FROM p39_goods a LEFT JOIN p39_brand b ON b.id=a.brand_id  ORDER BY a.id desc LIMIT 0,10   [ RunTime:0.0000s ]
INFO: [ view_parse ] --START--
INFO: [ template_filter ] --START--
INFO: Run Behavior\ContentReplaceBehavior [ RunTime:0.001000s ]
INFO: [ template_filter ] --END-- [ RunTime:0.001000s ]
SQL: SHOW COLUMNS FROM `p39_brand` [ RunTime:0.0050s ]
SQL: SELECT * FROM `p39_brand`  [ RunTime:0.0000s ]
NOTIC: [8] Undefined variable: val F:\thinkphp\Application\Runtime\Cache\Admin\12cf6a5c74297688873998de0720405d.php 第 84 行.
NOTIC: [8] Undefined variable: val F:\thinkphp\Application\Runtime\Cache\Admin\12cf6a5c74297688873998de0720405d.php 第 84 行.
NOTIC: [8] Undefined variable: val F:\thinkphp\Application\Runtime\Cache\Admin\12cf6a5c74297688873998de0720405d.php 第 84 行.
NOTIC: [8] Undefined variable: val F:\thinkphp\Application\Runtime\Cache\Admin\12cf6a5c74297688873998de0720405d.php 第 84 行.
NOTIC: [8] Undefined variable: val F:\thinkphp\Application\Runtime\Cache\Admin\12cf6a5c74297688873998de0720405d.php 第 84 行.
NOTIC: [8] Undefined variable: val F:\thinkphp\Application\Runtime\Cache\Admin\12cf6a5c74297688873998de0720405d.php 第 84 行.
INFO: Run Behavior\ParseTemplateBehavior [ RunTime:0.018001s ]
INFO: [ view_parse ] --END-- [ RunTime:0.018001s ]
INFO: [ view_filter ] --START--
INFO: Run Behavior\WriteHtmlCacheBehavior [ RunTime:0.000000s ]
INFO: [ view_filter ] --END-- [ RunTime:0.000000s ]
INFO: [ app_end ] --START--
INFO: Run Behavior\ShowPageTraceBehavior [ RunTime:0.001000s ]
INFO: [ app_end ] --END-- [ RunTime:0.001000s ]

[ 2016-12-12T22:49:56+08:00 ] 127.0.0.1 /index.php/Admin/Goods/lst?gn=&brand_id=&fp=&tp=&ios=&fa=&ta=&orderby=id_desc
INFO: [ app_init ] --START--
INFO: Run Behavior\BuildLiteBehavior [ RunTime:0.000000s ]
INFO: [ app_init ] --END-- [ RunTime:0.001000s ]
INFO: [ app_begin ] --START--
INFO: Run Behavior\ReadHtmlCacheBehavior [ RunTime:0.001000s ]
INFO: [ app_begin ] --END-- [ RunTime:0.001000s ]
SQL: SHOW COLUMNS FROM `p39_goods` [ RunTime:0.0070s ]
NOTIC: [8] Undefined variable: where F:\thinkphp\Application\Admin\Model\GoodsModel.class.php 第 155 行.
SQL: SELECT COUNT(*) AS tp_count FROM `p39_goods` LIMIT 1   [ RunTime:0.0020s ]
NOTIC: [8] Undefined variable: where F:\thinkphp\Application\Admin\Model\GoodsModel.class.php 第 167 行.
SQL: SELECT a.*,b.brand_name FROM p39_goods a LEFT JOIN p39_brand b ON b.id=a.brand_id  ORDER BY id desc LIMIT 0,10   [ RunTime:0.0010s ]
INFO: [ view_parse ] --START--
INFO: [ template_filter ] --START--
INFO: Run Behavior\ContentReplaceBehavior [ RunTime:0.000000s ]
INFO: [ template_filter ] --END-- [ RunTime:0.000000s ]
SQL: SHOW COLUMNS FROM `p39_brand` [ RunTime:0.0030s ]
SQL: SELECT * FROM `p39_brand`  [ RunTime:0.0000s ]
NOTIC: [8] Undefined variable: val F:\thinkphp\Application\Runtime\Cache\Admin\12cf6a5c74297688873998de0720405d.php 第 84 行.
NOTIC: [8] Undefined variable: val F:\thinkphp\Application\Runtime\Cache\Admin\12cf6a5c74297688873998de0720405d.php 第 84 行.
NOTIC: [8] Undefined variable: val F:\thinkphp\Application\Runtime\Cache\Admin\12cf6a5c74297688873998de0720405d.php 第 84 行.
NOTIC: [8] Undefined variable: val F:\thinkphp\Application\Runtime\Cache\Admin\12cf6a5c74297688873998de0720405d.php 第 84 行.
NOTIC: [8] Undefined variable: val F:\thinkphp\Application\Runtime\Cache\Admin\12cf6a5c74297688873998de0720405d.php 第 84 行.
NOTIC: [8] Undefined variable: val F:\thinkphp\Application\Runtime\Cache\Admin\12cf6a5c74297688873998de0720405d.php 第 84 行.
INFO: Run Behavior\ParseTemplateBehavior [ RunTime:0.016001s ]
INFO: [ view_parse ] --END-- [ RunTime:0.016001s ]
INFO: [ view_filter ] --START--
INFO: Run Behavior\WriteHtmlCacheBehavior [ RunTime:0.001000s ]
INFO: [ view_filter ] --END-- [ RunTime:0.001000s ]
INFO: [ app_end ] --START--
INFO: Run Behavior\ShowPageTraceBehavior [ RunTime:0.001000s ]
INFO: [ app_end ] --END-- [ RunTime:0.002000s ]

[ 2016-12-12T22:49:59+08:00 ] 127.0.0.1 /index.php/Admin/Goods/lst?gn=&brand_id=2&fp=&tp=&ios=&fa=&ta=&orderby=id_desc
INFO: [ app_init ] --START--
INFO: Run Behavior\BuildLiteBehavior [ RunTime:0.000000s ]
INFO: [ app_init ] --END-- [ RunTime:0.001000s ]
INFO: [ app_begin ] --START--
INFO: Run Behavior\ReadHtmlCacheBehavior [ RunTime:0.001000s ]
INFO: [ app_begin ] --END-- [ RunTime:0.001000s ]
SQL: SHOW COLUMNS FROM `p39_goods` [ RunTime:0.0060s ]
SQL: SELECT COUNT(*) AS tp_count FROM `p39_goods` WHERE `brand_id` = '2' LIMIT 1   [ RunTime:0.0010s ]
SQL: SELECT a.*,b.brand_name FROM p39_goods a LEFT JOIN p39_brand b ON b.id=a.brand_id  WHERE `brand_id` = '2' ORDER BY id desc LIMIT 0,10   [ RunTime:0.0010s ]
INFO: [ view_parse ] --START--
INFO: [ template_filter ] --START--
INFO: Run Behavior\ContentReplaceBehavior [ RunTime:0.000000s ]
INFO: [ template_filter ] --END-- [ RunTime:0.000000s ]
SQL: SHOW COLUMNS FROM `p39_brand` [ RunTime:0.0070s ]
SQL: SELECT * FROM `p39_brand`  [ RunTime:0.0010s ]
NOTIC: [8] Undefined variable: val F:\thinkphp\Application\Runtime\Cache\Admin\12cf6a5c74297688873998de0720405d.php 第 84 行.
INFO: Run Behavior\ParseTemplateBehavior [ RunTime:0.032002s ]
INFO: [ view_parse ] --END-- [ RunTime:0.032002s ]
INFO: [ view_filter ] --START--
INFO: Run Behavior\WriteHtmlCacheBehavior [ RunTime:0.001000s ]
INFO: [ view_filter ] --END-- [ RunTime:0.001000s ]
INFO: [ app_end ] --START--
INFO: Run Behavior\ShowPageTraceBehavior [ RunTime:0.001000s ]
INFO: [ app_end ] --END-- [ RunTime:0.002000s ]

[ 2016-12-12T22:50:03+08:00 ] 127.0.0.1 /index.php/Admin/Goods/lst?gn=&brand_id=2&fp=&tp=&ios=%E5%90%A6&fa=&ta=&orderby=id_desc
INFO: [ app_init ] --START--
INFO: Run Behavior\BuildLiteBehavior [ RunTime:0.000000s ]
INFO: [ app_init ] --END-- [ RunTime:0.001000s ]
INFO: [ app_begin ] --START--
INFO: Run Behavior\ReadHtmlCacheBehavior [ RunTime:0.001000s ]
INFO: [ app_begin ] --END-- [ RunTime:0.001000s ]
SQL: SHOW COLUMNS FROM `p39_goods` [ RunTime:0.0050s ]
SQL: SELECT COUNT(*) AS tp_count FROM `p39_goods` WHERE `brand_id` = '2' AND `is_on_sale` = '否' LIMIT 1   [ RunTime:0.0000s ]
SQL: SELECT a.*,b.brand_name FROM p39_goods a LEFT JOIN p39_brand b ON b.id=a.brand_id  WHERE `brand_id` = '2' AND `is_on_sale` = '否' ORDER BY id desc LIMIT 0,10   [ RunTime:0.0010s ]
INFO: [ view_parse ] --START--
INFO: [ template_filter ] --START--
INFO: Run Behavior\ContentReplaceBehavior [ RunTime:0.000000s ]
INFO: [ template_filter ] --END-- [ RunTime:0.000000s ]
SQL: SHOW COLUMNS FROM `p39_brand` [ RunTime:0.0050s ]
SQL: SELECT * FROM `p39_brand`  [ RunTime:0.0010s ]
INFO: Run Behavior\ParseTemplateBehavior [ RunTime:0.024002s ]
INFO: [ view_parse ] --END-- [ RunTime:0.024002s ]
INFO: [ view_filter ] --START--
INFO: Run Behavior\WriteHtmlCacheBehavior [ RunTime:0.001000s ]
INFO: [ view_filter ] --END-- [ RunTime:0.001000s ]
INFO: [ app_end ] --START--
INFO: Run Behavior\ShowPageTraceBehavior [ RunTime:0.002000s ]
INFO: [ app_end ] --END-- [ RunTime:0.002000s ]

[ 2016-12-12T22:50:20+08:00 ] 127.0.0.1 /index.php/Admin/Goods/lst?gn=&brand_id=2&fp=&tp=&ios=%E5%90%A6&fa=2016-12-05+02%3A10&ta=2016-12-13+00%3A00&orderby=id_desc
INFO: [ app_init ] --START--
INFO: Run Behavior\BuildLiteBehavior [ RunTime:0.000000s ]
INFO: [ app_init ] --END-- [ RunTime:0.001000s ]
INFO: [ app_begin ] --START--
INFO: Run Behavior\ReadHtmlCacheBehavior [ RunTime:0.001000s ]
INFO: [ app_begin ] --END-- [ RunTime:0.001000s ]
SQL: SHOW COLUMNS FROM `p39_goods` [ RunTime:0.0070s ]
SQL: SELECT COUNT(*) AS tp_count FROM `p39_goods` WHERE `brand_id` = '2' AND `addtime` >= '2016-12-05 02:10' AND `is_on_sale` = '否' LIMIT 1   [ RunTime:0.0010s ]
SQL: SELECT a.*,b.brand_name FROM p39_goods a LEFT JOIN p39_brand b ON b.id=a.brand_id  WHERE `brand_id` = '2' AND `addtime` >= '2016-12-05 02:10' AND `is_on_sale` = '否' ORDER BY id desc LIMIT 0,10   [ RunTime:0.0010s ]
INFO: [ view_parse ] --START--
INFO: [ template_filter ] --START--
INFO: Run Behavior\ContentReplaceBehavior [ RunTime:0.000000s ]
INFO: [ template_filter ] --END-- [ RunTime:0.001000s ]
SQL: SHOW COLUMNS FROM `p39_brand` [ RunTime:0.0040s ]
SQL: SELECT * FROM `p39_brand`  [ RunTime:0.0010s ]
INFO: Run Behavior\ParseTemplateBehavior [ RunTime:0.019001s ]
INFO: [ view_parse ] --END-- [ RunTime:0.019001s ]
INFO: [ view_filter ] --START--
INFO: Run Behavior\WriteHtmlCacheBehavior [ RunTime:0.001000s ]
INFO: [ view_filter ] --END-- [ RunTime:0.001000s ]
INFO: [ app_end ] --START--
INFO: Run Behavior\ShowPageTraceBehavior [ RunTime:0.001000s ]
INFO: [ app_end ] --END-- [ RunTime:0.001000s ]

[ 2016-12-12T22:50:24+08:00 ] 127.0.0.1 /index.php/Admin/Goods/lst?gn=&brand_id=2&fp=&tp=&ios=&fa=2016-12-05+02%3A10&ta=2016-12-13+00%3A00&orderby=id_desc
INFO: [ app_init ] --START--
INFO: Run Behavior\BuildLiteBehavior [ RunTime:0.000000s ]
INFO: [ app_init ] --END-- [ RunTime:0.000000s ]
INFO: [ app_begin ] --START--
INFO: Run Behavior\ReadHtmlCacheBehavior [ RunTime:0.001000s ]
INFO: [ app_begin ] --END-- [ RunTime:0.001000s ]
SQL: SHOW COLUMNS FROM `p39_goods` [ RunTime:0.0050s ]
SQL: SELECT COUNT(*) AS tp_count FROM `p39_goods` WHERE `brand_id` = '2' AND `addtime` >= '2016-12-05 02:10' LIMIT 1   [ RunTime:0.0000s ]
SQL: SELECT a.*,b.brand_name FROM p39_goods a LEFT JOIN p39_brand b ON b.id=a.brand_id  WHERE `brand_id` = '2' AND `addtime` >= '2016-12-05 02:10' ORDER BY id desc LIMIT 0,10   [ RunTime:0.0010s ]
INFO: [ view_parse ] --START--
INFO: [ template_filter ] --START--
INFO: Run Behavior\ContentReplaceBehavior [ RunTime:0.000000s ]
INFO: [ template_filter ] --END-- [ RunTime:0.000000s ]
SQL: SHOW COLUMNS FROM `p39_brand` [ RunTime:0.0030s ]
SQL: SELECT * FROM `p39_brand`  [ RunTime:0.0000s ]
NOTIC: [8] Undefined variable: val F:\thinkphp\Application\Runtime\Cache\Admin\12cf6a5c74297688873998de0720405d.php 第 84 行.
INFO: Run Behavior\ParseTemplateBehavior [ RunTime:0.016001s ]
INFO: [ view_parse ] --END-- [ RunTime:0.016001s ]
INFO: [ view_filter ] --START--
INFO: Run Behavior\WriteHtmlCacheBehavior [ RunTime:0.000000s ]
INFO: [ view_filter ] --END-- [ RunTime:0.000000s ]
INFO: [ app_end ] --START--
INFO: Run Behavior\ShowPageTraceBehavior [ RunTime:0.001000s ]
INFO: [ app_end ] --END-- [ RunTime:0.001000s ]

[ 2016-12-12T22:50:28+08:00 ] 127.0.0.1 /index.php/Admin/Goods/lst?gn=&brand_id=&fp=&tp=&ios=&fa=2016-12-05+02%3A10&ta=2016-12-13+00%3A00&orderby=id_desc
INFO: [ app_init ] --START--
INFO: Run Behavior\BuildLiteBehavior [ RunTime:0.000000s ]
INFO: [ app_init ] --END-- [ RunTime:0.001000s ]
INFO: [ app_begin ] --START--
INFO: Run Behavior\ReadHtmlCacheBehavior [ RunTime:0.002000s ]
INFO: [ app_begin ] --END-- [ RunTime:0.002000s ]
SQL: SHOW COLUMNS FROM `p39_goods` [ RunTime:0.0040s ]
SQL: SELECT COUNT(*) AS tp_count FROM `p39_goods` WHERE `addtime` >= '2016-12-05 02:10' LIMIT 1   [ RunTime:0.0000s ]
SQL: SELECT a.*,b.brand_name FROM p39_goods a LEFT JOIN p39_brand b ON b.id=a.brand_id  WHERE `addtime` >= '2016-12-05 02:10' ORDER BY id desc LIMIT 0,10   [ RunTime:0.0000s ]
INFO: [ view_parse ] --START--
INFO: [ template_filter ] --START--
INFO: Run Behavior\ContentReplaceBehavior [ RunTime:0.001000s ]
INFO: [ template_filter ] --END-- [ RunTime:0.001000s ]
SQL: SHOW COLUMNS FROM `p39_brand` [ RunTime:0.0040s ]
SQL: SELECT * FROM `p39_brand`  [ RunTime:0.0000s ]
NOTIC: [8] Undefined variable: val F:\thinkphp\Application\Runtime\Cache\Admin\12cf6a5c74297688873998de0720405d.php 第 84 行.
NOTIC: [8] Undefined variable: val F:\thinkphp\Application\Runtime\Cache\Admin\12cf6a5c74297688873998de0720405d.php 第 84 行.
NOTIC: [8] Undefined variable: val F:\thinkphp\Application\Runtime\Cache\Admin\12cf6a5c74297688873998de0720405d.php 第 84 行.
NOTIC: [8] Undefined variable: val F:\thinkphp\Application\Runtime\Cache\Admin\12cf6a5c74297688873998de0720405d.php 第 84 行.
INFO: Run Behavior\ParseTemplateBehavior [ RunTime:0.016001s ]
INFO: [ view_parse ] --END-- [ RunTime:0.017001s ]
INFO: [ view_filter ] --START--
INFO: Run Behavior\WriteHtmlCacheBehavior [ RunTime:0.001000s ]
INFO: [ view_filter ] --END-- [ RunTime:0.001000s ]
INFO: [ app_end ] --START--
INFO: Run Behavior\ShowPageTraceBehavior [ RunTime:0.001000s ]
INFO: [ app_end ] --END-- [ RunTime:0.001000s ]

[ 2016-12-12T22:50:33+08:00 ] 127.0.0.1 /index.php/Admin/Goods/lst?gn=&brand_id=&fp=&tp=&ios=&fa=2016-12-05+02%3A10&ta=2016-12-13+00%3A00&orderby=id_desc
INFO: [ app_init ] --START--
INFO: Run Behavior\BuildLiteBehavior [ RunTime:0.000000s ]
INFO: [ app_init ] --END-- [ RunTime:0.001000s ]
INFO: [ app_begin ] --START--
INFO: Run Behavior\ReadHtmlCacheBehavior [ RunTime:0.000000s ]
INFO: [ app_begin ] --END-- [ RunTime:0.000000s ]
SQL: SHOW COLUMNS FROM `p39_goods` [ RunTime:0.0030s ]
SQL: SELECT COUNT(*) AS tp_count FROM `p39_goods` WHERE `addtime` >= '2016-12-05 02:10' LIMIT 1   [ RunTime:0.0020s ]
SQL: SELECT a.*,b.brand_name FROM p39_goods a LEFT JOIN p39_brand b ON b.id=a.brand_id  WHERE `addtime` >= '2016-12-05 02:10' ORDER BY id desc LIMIT 0,10   [ RunTime:0.0010s ]
INFO: [ view_parse ] --START--
INFO: [ template_filter ] --START--
INFO: Run Behavior\ContentReplaceBehavior [ RunTime:0.000000s ]
INFO: [ template_filter ] --END-- [ RunTime:0.000000s ]
SQL: SHOW COLUMNS FROM `p39_brand` [ RunTime:0.0030s ]
SQL: SELECT * FROM `p39_brand`  [ RunTime:0.0000s ]
NOTIC: [8] Undefined variable: val F:\thinkphp\Application\Runtime\Cache\Admin\12cf6a5c74297688873998de0720405d.php 第 84 行.
NOTIC: [8] Undefined variable: val F:\thinkphp\Application\Runtime\Cache\Admin\12cf6a5c74297688873998de0720405d.php 第 84 行.
NOTIC: [8] Undefined variable: val F:\thinkphp\Application\Runtime\Cache\Admin\12cf6a5c74297688873998de0720405d.php 第 84 行.
NOTIC: [8] Undefined variable: val F:\thinkphp\Application\Runtime\Cache\Admin\12cf6a5c74297688873998de0720405d.php 第 84 行.
INFO: Run Behavior\ParseTemplateBehavior [ RunTime:0.013001s ]
INFO: [ view_parse ] --END-- [ RunTime:0.013001s ]
INFO: [ view_filter ] --START--
INFO: Run Behavior\WriteHtmlCacheBehavior [ RunTime:0.001000s ]
INFO: [ view_filter ] --END-- [ RunTime:0.001000s ]
INFO: [ app_end ] --START--
INFO: Run Behavior\ShowPageTraceBehavior [ RunTime:0.001000s ]
INFO: [ app_end ] --END-- [ RunTime:0.001000s ]

[ 2016-12-12T22:51:10+08:00 ] 127.0.0.1 /index.php/Admin/Goods/lst?gn=&brand_id=&fp=&tp=&ios=&fa=2016-12-05+02%3A10&ta=2016-12-13+00%3A00&orderby=id_desc
INFO: [ app_init ] --START--
INFO: Run Behavior\BuildLiteBehavior [ RunTime:0.000000s ]
INFO: [ app_init ] --END-- [ RunTime:0.000000s ]
INFO: [ app_begin ] --START--
INFO: Run Behavior\ReadHtmlCacheBehavior [ RunTime:0.001000s ]
INFO: [ app_begin ] --END-- [ RunTime:0.001000s ]
SQL: SHOW COLUMNS FROM `p39_goods` [ RunTime:0.0040s ]
SQL: SELECT COUNT(*) AS tp_count FROM `p39_goods` WHERE `addtime` >= '2016-12-05 02:10' LIMIT 1   [ RunTime:0.0010s ]
SQL: SELECT a.*,b.brand_name FROM p39_goods a LEFT JOIN p39_brand b ON b.id=a.brand_id  WHERE `addtime` >= '2016-12-05 02:10' ORDER BY id desc LIMIT 0,2   [ RunTime:0.0000s ]
INFO: [ view_parse ] --START--
INFO: [ template_filter ] --START--
INFO: Run Behavior\ContentReplaceBehavior [ RunTime:0.000000s ]
INFO: [ template_filter ] --END-- [ RunTime:0.000000s ]
SQL: SHOW COLUMNS FROM `p39_brand` [ RunTime:0.0040s ]
SQL: SELECT * FROM `p39_brand`  [ RunTime:0.0000s ]
NOTIC: [8] Undefined variable: val F:\thinkphp\Application\Runtime\Cache\Admin\12cf6a5c74297688873998de0720405d.php 第 84 行.
NOTIC: [8] Undefined variable: val F:\thinkphp\Application\Runtime\Cache\Admin\12cf6a5c74297688873998de0720405d.php 第 84 行.
INFO: Run Behavior\ParseTemplateBehavior [ RunTime:0.016001s ]
INFO: [ view_parse ] --END-- [ RunTime:0.016001s ]
INFO: [ view_filter ] --START--
INFO: Run Behavior\WriteHtmlCacheBehavior [ RunTime:0.001000s ]
INFO: [ view_filter ] --END-- [ RunTime:0.001000s ]
INFO: [ app_end ] --START--
INFO: Run Behavior\ShowPageTraceBehavior [ RunTime:0.000000s ]
INFO: [ app_end ] --END-- [ RunTime:0.000000s ]

[ 2016-12-12T22:51:18+08:00 ] 127.0.0.1 /index.php/Admin/Goods/lst/fa/2016-12-05+02%3A10/ta/2016-12-13+00%3A00/orderby/id_desc/p/2.html
INFO: [ app_init ] --START--
INFO: Run Behavior\BuildLiteBehavior [ RunTime:0.000000s ]
INFO: [ app_init ] --END-- [ RunTime:0.000000s ]
INFO: [ app_begin ] --START--
INFO: Run Behavior\ReadHtmlCacheBehavior [ RunTime:0.001000s ]
INFO: [ app_begin ] --END-- [ RunTime:0.001000s ]
SQL: SHOW COLUMNS FROM `p39_goods` [ RunTime:0.0050s ]
SQL: SELECT COUNT(*) AS tp_count FROM `p39_goods` WHERE `addtime` >= '2016-12-05+02:10' LIMIT 1   [ RunTime:0.0010s ]
SQL: SELECT a.*,b.brand_name FROM p39_goods a LEFT JOIN p39_brand b ON b.id=a.brand_id  WHERE `addtime` >= '2016-12-05+02:10' ORDER BY id desc LIMIT 2,2   [ RunTime:0.0010s ]
INFO: [ view_parse ] --START--
INFO: [ template_filter ] --START--
INFO: Run Behavior\ContentReplaceBehavior [ RunTime:0.001000s ]
INFO: [ template_filter ] --END-- [ RunTime:0.001000s ]
SQL: SHOW COLUMNS FROM `p39_brand` [ RunTime:0.0040s ]
SQL: SELECT * FROM `p39_brand`  [ RunTime:0.0010s ]
NOTIC: [8] Undefined variable: val F:\thinkphp\Application\Runtime\Cache\Admin\12cf6a5c74297688873998de0720405d.php 第 84 行.
NOTIC: [8] Undefined variable: val F:\thinkphp\Application\Runtime\Cache\Admin\12cf6a5c74297688873998de0720405d.php 第 84 行.
INFO: Run Behavior\ParseTemplateBehavior [ RunTime:0.017001s ]
INFO: [ view_parse ] --END-- [ RunTime:0.017001s ]
INFO: [ view_filter ] --START--
INFO: Run Behavior\WriteHtmlCacheBehavior [ RunTime:0.001000s ]
INFO: [ view_filter ] --END-- [ RunTime:0.001000s ]
INFO: [ app_end ] --START--
INFO: Run Behavior\ShowPageTraceBehavior [ RunTime:0.001000s ]
INFO: [ app_end ] --END-- [ RunTime:0.001000s ]

[ 2016-12-12T22:51:47+08:00 ] 127.0.0.1 /index.php/Admin/Goods/lst
INFO: [ app_init ] --START--
INFO: Run Behavior\BuildLiteBehavior [ RunTime:0.000000s ]
INFO: [ app_init ] --END-- [ RunTime:0.001000s ]
INFO: [ app_begin ] --START--
INFO: Run Behavior\ReadHtmlCacheBehavior [ RunTime:0.000000s ]
INFO: [ app_begin ] --END-- [ RunTime:0.000000s ]
SQL: SHOW COLUMNS FROM `p39_goods` [ RunTime:0.0040s ]
NOTIC: [8] Undefined variable: where F:\thinkphp\Application\Admin\Model\GoodsModel.class.php 第 155 行.
SQL: SELECT COUNT(*) AS tp_count FROM `p39_goods` LIMIT 1   [ RunTime:0.0000s ]
NOTIC: [8] Undefined variable: where F:\thinkphp\Application\Admin\Model\GoodsModel.class.php 第 167 行.
SQL: SELECT a.*,b.brand_name FROM p39_goods a LEFT JOIN p39_brand b ON b.id=a.brand_id  ORDER BY id desc LIMIT 0,2   [ RunTime:0.0010s ]
INFO: [ view_parse ] --START--
INFO: [ template_filter ] --START--
INFO: Run Behavior\ContentReplaceBehavior [ RunTime:0.000000s ]
INFO: [ template_filter ] --END-- [ RunTime:0.000000s ]
SQL: SHOW COLUMNS FROM `p39_brand` [ RunTime:0.0030s ]
SQL: SELECT * FROM `p39_brand`  [ RunTime:0.0010s ]
NOTIC: [8] Undefined variable: val F:\thinkphp\Application\Runtime\Cache\Admin\12cf6a5c74297688873998de0720405d.php 第 84 行.
NOTIC: [8] Undefined variable: val F:\thinkphp\Application\Runtime\Cache\Admin\12cf6a5c74297688873998de0720405d.php 第 84 行.
INFO: Run Behavior\ParseTemplateBehavior [ RunTime:0.015001s ]
INFO: [ view_parse ] --END-- [ RunTime:0.015001s ]
INFO: [ view_filter ] --START--
INFO: Run Behavior\WriteHtmlCacheBehavior [ RunTime:0.001000s ]
INFO: [ view_filter ] --END-- [ RunTime:0.001000s ]
INFO: [ app_end ] --START--
INFO: Run Behavior\ShowPageTraceBehavior [ RunTime:0.001000s ]
INFO: [ app_end ] --END-- [ RunTime:0.001000s ]

[ 2016-12-12T22:51:50+08:00 ] 127.0.0.1 /index.php/Admin/Goods/lst?gn=&brand_id=&fp=&tp=&ios=&fa=&ta=
INFO: [ app_init ] --START--
INFO: Run Behavior\BuildLiteBehavior [ RunTime:0.000000s ]
INFO: [ app_init ] --END-- [ RunTime:0.001000s ]
INFO: [ app_begin ] --START--
INFO: Run Behavior\ReadHtmlCacheBehavior [ RunTime:0.002000s ]
INFO: [ app_begin ] --END-- [ RunTime:0.002000s ]
SQL: SHOW COLUMNS FROM `p39_goods` [ RunTime:0.0060s ]
NOTIC: [8] Undefined variable: where F:\thinkphp\Application\Admin\Model\GoodsModel.class.php 第 155 行.
SQL: SELECT COUNT(*) AS tp_count FROM `p39_goods` LIMIT 1   [ RunTime:0.0010s ]
NOTIC: [8] Undefined variable: where F:\thinkphp\Application\Admin\Model\GoodsModel.class.php 第 167 行.
SQL: SELECT a.*,b.brand_name FROM p39_goods a LEFT JOIN p39_brand b ON b.id=a.brand_id  ORDER BY id desc LIMIT 0,2   [ RunTime:0.0010s ]
INFO: [ view_parse ] --START--
INFO: [ template_filter ] --START--
INFO: Run Behavior\ContentReplaceBehavior [ RunTime:0.000000s ]
INFO: [ template_filter ] --END-- [ RunTime:0.000000s ]
SQL: SHOW COLUMNS FROM `p39_brand` [ RunTime:0.0060s ]
SQL: SELECT * FROM `p39_brand`  [ RunTime:0.0010s ]
NOTIC: [8] Undefined variable: val F:\thinkphp\Application\Runtime\Cache\Admin\12cf6a5c74297688873998de0720405d.php 第 84 行.
NOTIC: [8] Undefined variable: val F:\thinkphp\Application\Runtime\Cache\Admin\12cf6a5c74297688873998de0720405d.php 第 84 行.
INFO: Run Behavior\ParseTemplateBehavior [ RunTime:0.026002s ]
INFO: [ view_parse ] --END-- [ RunTime:0.026002s ]
INFO: [ view_filter ] --START--
INFO: Run Behavior\WriteHtmlCacheBehavior [ RunTime:0.000000s ]
INFO: [ view_filter ] --END-- [ RunTime:0.001000s ]
INFO: [ app_end ] --START--
INFO: Run Behavior\ShowPageTraceBehavior [ RunTime:0.001000s ]
INFO: [ app_end ] --END-- [ RunTime:0.001000s ]

[ 2016-12-12T22:51:54+08:00 ] 127.0.0.1 /index.php/Admin/Goods/lst/p/2.html
INFO: [ app_init ] --START--
INFO: Run Behavior\BuildLiteBehavior [ RunTime:0.000000s ]
INFO: [ app_init ] --END-- [ RunTime:0.001000s ]
INFO: [ app_begin ] --START--
INFO: Run Behavior\ReadHtmlCacheBehavior [ RunTime:0.000000s ]
INFO: [ app_begin ] --END-- [ RunTime:0.000000s ]
SQL: SHOW COLUMNS FROM `p39_goods` [ RunTime:0.0030s ]
NOTIC: [8] Undefined variable: where F:\thinkphp\Application\Admin\Model\GoodsModel.class.php 第 155 行.
SQL: SELECT COUNT(*) AS tp_count FROM `p39_goods` LIMIT 1   [ RunTime:0.0000s ]
NOTIC: [8] Undefined variable: where F:\thinkphp\Application\Admin\Model\GoodsModel.class.php 第 167 行.
SQL: SELECT a.*,b.brand_name FROM p39_goods a LEFT JOIN p39_brand b ON b.id=a.brand_id  ORDER BY id desc LIMIT 2,2   [ RunTime:0.0010s ]
INFO: [ view_parse ] --START--
INFO: [ template_filter ] --START--
INFO: Run Behavior\ContentReplaceBehavior [ RunTime:0.000000s ]
INFO: [ template_filter ] --END-- [ RunTime:0.000000s ]
SQL: SHOW COLUMNS FROM `p39_brand` [ RunTime:0.0030s ]
SQL: SELECT * FROM `p39_brand`  [ RunTime:0.0000s ]
NOTIC: [8] Undefined variable: val F:\thinkphp\Application\Runtime\Cache\Admin\12cf6a5c74297688873998de0720405d.php 第 84 行.
NOTIC: [8] Undefined variable: val F:\thinkphp\Application\Runtime\Cache\Admin\12cf6a5c74297688873998de0720405d.php 第 84 行.
INFO: Run Behavior\ParseTemplateBehavior [ RunTime:0.012001s ]
INFO: [ view_parse ] --END-- [ RunTime:0.012001s ]
INFO: [ view_filter ] --START--
INFO: Run Behavior\WriteHtmlCacheBehavior [ RunTime:0.000000s ]
INFO: [ view_filter ] --END-- [ RunTime:0.000000s ]
INFO: [ app_end ] --START--
INFO: Run Behavior\ShowPageTraceBehavior [ RunTime:0.001000s ]
INFO: [ app_end ] --END-- [ RunTime:0.001000s ]

[ 2016-12-12T22:51:58+08:00 ] 127.0.0.1 /index.php/Admin/Goods/lst?gn=&brand_id=2&fp=&tp=&ios=&fa=&ta=
INFO: [ app_init ] --START--
INFO: Run Behavior\BuildLiteBehavior [ RunTime:0.000000s ]
INFO: [ app_init ] --END-- [ RunTime:0.001000s ]
INFO: [ app_begin ] --START--
INFO: Run Behavior\ReadHtmlCacheBehavior [ RunTime:0.001000s ]
INFO: [ app_begin ] --END-- [ RunTime:0.001000s ]
SQL: SHOW COLUMNS FROM `p39_goods` [ RunTime:0.0030s ]
SQL: SELECT COUNT(*) AS tp_count FROM `p39_goods` WHERE `brand_id` = '2' LIMIT 1   [ RunTime:0.0000s ]
SQL: SELECT a.*,b.brand_name FROM p39_goods a LEFT JOIN p39_brand b ON b.id=a.brand_id  WHERE `brand_id` = '2' ORDER BY id desc LIMIT 0,2   [ RunTime:0.0010s ]
INFO: [ view_parse ] --START--
INFO: [ template_filter ] --START--
INFO: Run Behavior\ContentReplaceBehavior [ RunTime:0.000000s ]
INFO: [ template_filter ] --END-- [ RunTime:0.000000s ]
SQL: SHOW COLUMNS FROM `p39_brand` [ RunTime:0.0020s ]
SQL: SELECT * FROM `p39_brand`  [ RunTime:0.0000s ]
NOTIC: [8] Undefined variable: val F:\thinkphp\Application\Runtime\Cache\Admin\12cf6a5c74297688873998de0720405d.php 第 84 行.
INFO: Run Behavior\ParseTemplateBehavior [ RunTime:0.012001s ]
INFO: [ view_parse ] --END-- [ RunTime:0.012001s ]
INFO: [ view_filter ] --START--
INFO: Run Behavior\WriteHtmlCacheBehavior [ RunTime:0.000000s ]
INFO: [ view_filter ] --END-- [ RunTime:0.001000s ]
INFO: [ app_end ] --START--
INFO: Run Behavior\ShowPageTraceBehavior [ RunTime:0.001000s ]
INFO: [ app_end ] --END-- [ RunTime:0.001000s ]

