[ 2016-12-27T21:27:42+08:00 ] 127.0.0.1 /index.php/Admin/Goods/lst
INFO: [ app_init ] --START--
INFO: Run Behavior\BuildLiteBehavior [ RunTime:0.000000s ]
INFO: [ app_init ] --END-- [ RunTime:0.053003s ]
INFO: [ app_begin ] --START--
INFO: Run Behavior\ReadHtmlCacheBehavior [ RunTime:0.013000s ]
INFO: [ app_begin ] --END-- [ RunTime:0.013000s ]
SQL: SHOW COLUMNS FROM `p39_goods` [ RunTime:0.2750s ]
NOTIC: [8] Undefined variable: where F:\thinkphp\Application\Admin\Model\GoodsModel.class.php 第 341 行.
SQL: SELECT COUNT(*) AS tp_count FROM `p39_goods` LIMIT 1   [ RunTime:0.0010s ]
NOTIC: [8] Undefined variable: where F:\thinkphp\Application\Admin\Model\GoodsModel.class.php 第 356 行.
SQL: SELECT a.*,b.brand_name,c.cat_name,GROUP_CONCAT(e.cat_name) ext_cat_name FROM p39_goods a LEFT JOIN p39_brand b ON b.id=a.brand_id
				LEFT JOIN p39_category c ON a.cat_id=c.id
				LEFT JOIN p39_goods_cat d ON a.id=d.goods_id
				LEFT JOIN p39_category  e on e.id=d.cat_id  GROUP BY a.id ORDER BY id desc LIMIT 0,10   [ RunTime:0.4900s ]
NOTIC: [2048] Declaration of Admin\Model\CategoryModel::_before_delete() should be compatible with Think\Model::_before_delete($options) F:\thinkphp\Application\Admin\Model\CategoryModel.class.php 第 85 行.
SQL: SHOW COLUMNS FROM `p39_category` [ RunTime:0.0060s ]
SQL: SELECT * FROM `p39_category`  [ RunTime:0.0010s ]
INFO: [ view_parse ] --START--
INFO: [ template_filter ] --START--
INFO: Run Behavior\ContentReplaceBehavior [ RunTime:0.000000s ]
INFO: [ template_filter ] --END-- [ RunTime:0.000000s ]
SQL: SHOW COLUMNS FROM `p39_brand` [ RunTime:0.0060s ]
SQL: SELECT * FROM `p39_brand`  [ RunTime:0.0010s ]
NOTIC: [8] Undefined variable: val F:\thinkphp\Application\Runtime\Cache\Admin\12cf6a5c74297688873998de0720405d.php 第 100 行.
NOTIC: [8] Undefined variable: val F:\thinkphp\Application\Runtime\Cache\Admin\12cf6a5c74297688873998de0720405d.php 第 100 行.
NOTIC: [8] Undefined variable: val F:\thinkphp\Application\Runtime\Cache\Admin\12cf6a5c74297688873998de0720405d.php 第 100 行.
NOTIC: [8] Undefined variable: val F:\thinkphp\Application\Runtime\Cache\Admin\12cf6a5c74297688873998de0720405d.php 第 100 行.
NOTIC: [8] Undefined variable: val F:\thinkphp\Application\Runtime\Cache\Admin\12cf6a5c74297688873998de0720405d.php 第 100 行.
NOTIC: [8] Undefined variable: val F:\thinkphp\Application\Runtime\Cache\Admin\12cf6a5c74297688873998de0720405d.php 第 100 行.
NOTIC: [8] Undefined variable: val F:\thinkphp\Application\Runtime\Cache\Admin\12cf6a5c74297688873998de0720405d.php 第 100 行.
NOTIC: [8] Undefined variable: val F:\thinkphp\Application\Runtime\Cache\Admin\12cf6a5c74297688873998de0720405d.php 第 100 行.
NOTIC: [8] Undefined variable: val F:\thinkphp\Application\Runtime\Cache\Admin\12cf6a5c74297688873998de0720405d.php 第 100 行.
NOTIC: [8] Undefined variable: val F:\thinkphp\Application\Runtime\Cache\Admin\12cf6a5c74297688873998de0720405d.php 第 100 行.
INFO: Run Behavior\ParseTemplateBehavior [ RunTime:0.450026s ]
INFO: [ view_parse ] --END-- [ RunTime:0.450026s ]
INFO: [ view_filter ] --START--
INFO: Run Behavior\WriteHtmlCacheBehavior [ RunTime:0.037002s ]
INFO: [ view_filter ] --END-- [ RunTime:0.037002s ]
INFO: [ app_end ] --START--
INFO: Run Behavior\ShowPageTraceBehavior [ RunTime:0.062004s ]
INFO: [ app_end ] --END-- [ RunTime:0.062004s ]

[ 2016-12-27T21:29:30+08:00 ] 127.0.0.1 /index.php/Admin/Goods/lst
INFO: [ app_init ] --START--
INFO: Run Behavior\BuildLiteBehavior [ RunTime:0.000000s ]
INFO: [ app_init ] --END-- [ RunTime:0.000000s ]
INFO: [ app_begin ] --START--
INFO: Run Behavior\ReadHtmlCacheBehavior [ RunTime:0.000000s ]
INFO: [ app_begin ] --END-- [ RunTime:0.000000s ]
SQL: SHOW COLUMNS FROM `p39_goods` [ RunTime:0.0020s ]
NOTIC: [8] Undefined variable: where F:\thinkphp\Application\Admin\Model\GoodsModel.class.php 第 341 行.
SQL: SELECT COUNT(*) AS tp_count FROM `p39_goods` LIMIT 1   [ RunTime:0.0000s ]
NOTIC: [8] Undefined variable: where F:\thinkphp\Application\Admin\Model\GoodsModel.class.php 第 356 行.
SQL: SELECT a.*,b.brand_name,c.cat_name,GROUP_CONCAT(e.cat_name) ext_cat_name FROM p39_goods a LEFT JOIN p39_brand b ON b.id=a.brand_id
				LEFT JOIN p39_category c ON a.cat_id=c.id
				LEFT JOIN p39_goods_cat d ON a.id=d.goods_id
				LEFT JOIN p39_category  e on e.id=d.cat_id  GROUP BY a.id ORDER BY id desc LIMIT 0,10   [ RunTime:0.0010s ]
NOTIC: [2048] Declaration of Admin\Model\CategoryModel::_before_delete() should be compatible with Think\Model::_before_delete($options) F:\thinkphp\Application\Admin\Model\CategoryModel.class.php 第 85 行.
SQL: SHOW COLUMNS FROM `p39_category` [ RunTime:0.0020s ]
SQL: SELECT * FROM `p39_category`  [ RunTime:0.0000s ]
INFO: [ view_parse ] --START--
INFO: [ template_filter ] --START--
INFO: Run Behavior\ContentReplaceBehavior [ RunTime:0.000000s ]
INFO: [ template_filter ] --END-- [ RunTime:0.000000s ]
SQL: SHOW COLUMNS FROM `p39_brand` [ RunTime:0.0040s ]
SQL: SELECT * FROM `p39_brand`  [ RunTime:0.0000s ]
NOTIC: [8] Undefined variable: val F:\thinkphp\Application\Runtime\Cache\Admin\12cf6a5c74297688873998de0720405d.php 第 100 行.
NOTIC: [8] Undefined variable: val F:\thinkphp\Application\Runtime\Cache\Admin\12cf6a5c74297688873998de0720405d.php 第 100 行.
NOTIC: [8] Undefined variable: val F:\thinkphp\Application\Runtime\Cache\Admin\12cf6a5c74297688873998de0720405d.php 第 100 行.
NOTIC: [8] Undefined variable: val F:\thinkphp\Application\Runtime\Cache\Admin\12cf6a5c74297688873998de0720405d.php 第 100 行.
NOTIC: [8] Undefined variable: val F:\thinkphp\Application\Runtime\Cache\Admin\12cf6a5c74297688873998de0720405d.php 第 100 行.
NOTIC: [8] Undefined variable: val F:\thinkphp\Application\Runtime\Cache\Admin\12cf6a5c74297688873998de0720405d.php 第 100 行.
NOTIC: [8] Undefined variable: val F:\thinkphp\Application\Runtime\Cache\Admin\12cf6a5c74297688873998de0720405d.php 第 100 行.
NOTIC: [8] Undefined variable: val F:\thinkphp\Application\Runtime\Cache\Admin\12cf6a5c74297688873998de0720405d.php 第 100 行.
NOTIC: [8] Undefined variable: val F:\thinkphp\Application\Runtime\Cache\Admin\12cf6a5c74297688873998de0720405d.php 第 100 行.
NOTIC: [8] Undefined variable: val F:\thinkphp\Application\Runtime\Cache\Admin\12cf6a5c74297688873998de0720405d.php 第 100 行.
INFO: Run Behavior\ParseTemplateBehavior [ RunTime:0.014000s ]
INFO: [ view_parse ] --END-- [ RunTime:0.014000s ]
INFO: [ view_filter ] --START--
INFO: Run Behavior\WriteHtmlCacheBehavior [ RunTime:0.001001s ]
INFO: [ view_filter ] --END-- [ RunTime:0.001001s ]
INFO: [ app_end ] --START--
INFO: Run Behavior\ShowPageTraceBehavior [ RunTime:0.001000s ]
INFO: [ app_end ] --END-- [ RunTime:0.001000s ]

[ 2016-12-27T21:30:55+08:00 ] 127.0.0.1 /index.php/Admin/Goods/lst
INFO: [ app_init ] --START--
INFO: Run Behavior\BuildLiteBehavior [ RunTime:0.000000s ]
INFO: [ app_init ] --END-- [ RunTime:0.001000s ]
INFO: [ app_begin ] --START--
INFO: Run Behavior\ReadHtmlCacheBehavior [ RunTime:0.000000s ]
INFO: [ app_begin ] --END-- [ RunTime:0.000000s ]
SQL: SHOW COLUMNS FROM `p39_goods` [ RunTime:0.0030s ]
NOTIC: [8] Undefined variable: where F:\thinkphp\Application\Admin\Model\GoodsModel.class.php 第 341 行.
SQL: SELECT COUNT(*) AS tp_count FROM `p39_goods` LIMIT 1   [ RunTime:0.0000s ]
NOTIC: [8] Undefined variable: where F:\thinkphp\Application\Admin\Model\GoodsModel.class.php 第 356 行.
SQL: SELECT a.*,b.brand_name,c.cat_name,GROUP_CONCAT(e.cat_name) ext_cat_name FROM p39_goods a LEFT JOIN p39_brand b ON b.id=a.brand_id
				LEFT JOIN p39_category c ON a.cat_id=c.id
				LEFT JOIN p39_goods_cat d ON a.id=d.goods_id
				LEFT JOIN p39_category  e on e.id=d.cat_id  GROUP BY a.id ORDER BY id desc LIMIT 0,10   [ RunTime:0.0010s ]
NOTIC: [2048] Declaration of Admin\Model\CategoryModel::_before_delete() should be compatible with Think\Model::_before_delete($options) F:\thinkphp\Application\Admin\Model\CategoryModel.class.php 第 85 行.
SQL: SHOW COLUMNS FROM `p39_category` [ RunTime:0.0040s ]
SQL: SELECT * FROM `p39_category`  [ RunTime:0.0010s ]
INFO: [ view_parse ] --START--
INFO: [ template_filter ] --START--
INFO: Run Behavior\ContentReplaceBehavior [ RunTime:0.000000s ]
INFO: [ template_filter ] --END-- [ RunTime:0.000000s ]

[ 2016-12-27T21:31:05+08:00 ] 127.0.0.1 /index.php/Admin/Goods/lst
INFO: [ app_init ] --START--
INFO: Run Behavior\BuildLiteBehavior [ RunTime:0.000000s ]
INFO: [ app_init ] --END-- [ RunTime:0.001000s ]
INFO: [ app_begin ] --START--
INFO: Run Behavior\ReadHtmlCacheBehavior [ RunTime:0.001000s ]
INFO: [ app_begin ] --END-- [ RunTime:0.001000s ]
SQL: SHOW COLUMNS FROM `p39_goods` [ RunTime:0.0040s ]
NOTIC: [8] Undefined variable: where F:\thinkphp\Application\Admin\Model\GoodsModel.class.php 第 341 行.
SQL: SELECT COUNT(*) AS tp_count FROM `p39_goods` LIMIT 1   [ RunTime:0.0000s ]
NOTIC: [8] Undefined variable: where F:\thinkphp\Application\Admin\Model\GoodsModel.class.php 第 356 行.
SQL: SELECT a.*,b.brand_name,c.cat_name,GROUP_CONCAT(e.cat_name) ext_cat_name FROM p39_goods a LEFT JOIN p39_brand b ON b.id=a.brand_id
				LEFT JOIN p39_category c ON a.cat_id=c.id
				LEFT JOIN p39_goods_cat d ON a.id=d.goods_id
				LEFT JOIN p39_category  e on e.id=d.cat_id  GROUP BY a.id ORDER BY id desc LIMIT 0,10   [ RunTime:0.0010s ]
NOTIC: [2048] Declaration of Admin\Model\CategoryModel::_before_delete() should be compatible with Think\Model::_before_delete($options) F:\thinkphp\Application\Admin\Model\CategoryModel.class.php 第 85 行.
SQL: SHOW COLUMNS FROM `p39_category` [ RunTime:0.0030s ]
SQL: SELECT * FROM `p39_category`  [ RunTime:0.0000s ]
INFO: [ view_parse ] --START--
INFO: [ template_filter ] --START--
INFO: Run Behavior\ContentReplaceBehavior [ RunTime:0.000000s ]
INFO: [ template_filter ] --END-- [ RunTime:0.000000s ]
SQL: SHOW COLUMNS FROM `p39_brand` [ RunTime:0.0040s ]
SQL: SELECT * FROM `p39_brand`  [ RunTime:0.0000s ]
INFO: Run Behavior\ParseTemplateBehavior [ RunTime:0.013001s ]
INFO: [ view_parse ] --END-- [ RunTime:0.013001s ]
INFO: [ view_filter ] --START--
INFO: Run Behavior\WriteHtmlCacheBehavior [ RunTime:0.001000s ]
INFO: [ view_filter ] --END-- [ RunTime:0.001000s ]
INFO: [ app_end ] --START--
INFO: Run Behavior\ShowPageTraceBehavior [ RunTime:0.001000s ]
INFO: [ app_end ] --END-- [ RunTime:0.001000s ]

[ 2016-12-27T21:31:51+08:00 ] 127.0.0.1 /index.php/Admin/Goods/lst
INFO: [ app_init ] --START--
INFO: Run Behavior\BuildLiteBehavior [ RunTime:0.000000s ]
INFO: [ app_init ] --END-- [ RunTime:0.000000s ]
INFO: [ app_begin ] --START--
INFO: Run Behavior\ReadHtmlCacheBehavior [ RunTime:0.001001s ]
INFO: [ app_begin ] --END-- [ RunTime:0.001001s ]
SQL: SHOW COLUMNS FROM `p39_goods` [ RunTime:0.0030s ]
NOTIC: [8] Undefined variable: where F:\thinkphp\Application\Admin\Model\GoodsModel.class.php 第 341 行.
SQL: SELECT COUNT(*) AS tp_count FROM `p39_goods` LIMIT 1   [ RunTime:0.0000s ]
NOTIC: [8] Undefined variable: where F:\thinkphp\Application\Admin\Model\GoodsModel.class.php 第 356 行.
SQL: SELECT a.*,b.brand_name,c.cat_name,GROUP_CONCAT(e.cat_name) ext_cat_name FROM p39_goods a LEFT JOIN p39_brand b ON b.id=a.brand_id
				LEFT JOIN p39_category c ON a.cat_id=c.id
				LEFT JOIN p39_goods_cat d ON a.id=d.goods_id
				LEFT JOIN p39_category  e on e.id=d.cat_id  GROUP BY a.id ORDER BY id desc LIMIT 0,10   [ RunTime:0.0010s ]
NOTIC: [2048] Declaration of Admin\Model\CategoryModel::_before_delete() should be compatible with Think\Model::_before_delete($options) F:\thinkphp\Application\Admin\Model\CategoryModel.class.php 第 85 行.
SQL: SHOW COLUMNS FROM `p39_category` [ RunTime:0.0020s ]
SQL: SELECT * FROM `p39_category`  [ RunTime:0.0000s ]
INFO: [ view_parse ] --START--
INFO: [ template_filter ] --START--
INFO: Run Behavior\ContentReplaceBehavior [ RunTime:0.000000s ]
INFO: [ template_filter ] --END-- [ RunTime:0.000000s ]
SQL: SHOW COLUMNS FROM `p39_brand` [ RunTime:0.0030s ]
SQL: SELECT * FROM `p39_brand`  [ RunTime:0.0010s ]
INFO: Run Behavior\ParseTemplateBehavior [ RunTime:0.014001s ]
INFO: [ view_parse ] --END-- [ RunTime:0.014001s ]
INFO: [ view_filter ] --START--
INFO: Run Behavior\WriteHtmlCacheBehavior [ RunTime:0.000000s ]
INFO: [ view_filter ] --END-- [ RunTime:0.000000s ]
INFO: [ app_end ] --START--
INFO: Run Behavior\ShowPageTraceBehavior [ RunTime:0.001000s ]
INFO: [ app_end ] --END-- [ RunTime:0.001000s ]

[ 2016-12-27T21:31:55+08:00 ] 127.0.0.1 /index.php/Admin/Goods/qty/id/21.html
INFO: [ app_init ] --START--
INFO: Run Behavior\BuildLiteBehavior [ RunTime:0.000000s ]
INFO: [ app_init ] --END-- [ RunTime:0.001000s ]
INFO: [ app_begin ] --START--
INFO: Run Behavior\ReadHtmlCacheBehavior [ RunTime:0.001001s ]
INFO: [ app_begin ] --END-- [ RunTime:0.001001s ]
ERR: 非法操作:qty

[ 2016-12-27T21:34:06+08:00 ] 127.0.0.1 /index.php/Admin/Goods/lst
INFO: [ app_init ] --START--
INFO: Run Behavior\BuildLiteBehavior [ RunTime:0.000000s ]
INFO: [ app_init ] --END-- [ RunTime:0.000000s ]
INFO: [ app_begin ] --START--
INFO: Run Behavior\ReadHtmlCacheBehavior [ RunTime:0.000000s ]
INFO: [ app_begin ] --END-- [ RunTime:0.000000s ]
SQL: SHOW COLUMNS FROM `p39_goods` [ RunTime:0.0030s ]
NOTIC: [8] Undefined variable: where F:\thinkphp\Application\Admin\Model\GoodsModel.class.php 第 341 行.
SQL: SELECT COUNT(*) AS tp_count FROM `p39_goods` LIMIT 1   [ RunTime:0.0010s ]
NOTIC: [8] Undefined variable: where F:\thinkphp\Application\Admin\Model\GoodsModel.class.php 第 356 行.
SQL: SELECT a.*,b.brand_name,c.cat_name,GROUP_CONCAT(e.cat_name) ext_cat_name FROM p39_goods a LEFT JOIN p39_brand b ON b.id=a.brand_id
				LEFT JOIN p39_category c ON a.cat_id=c.id
				LEFT JOIN p39_goods_cat d ON a.id=d.goods_id
				LEFT JOIN p39_category  e on e.id=d.cat_id  GROUP BY a.id ORDER BY id desc LIMIT 0,10   [ RunTime:0.0010s ]
NOTIC: [2048] Declaration of Admin\Model\CategoryModel::_before_delete() should be compatible with Think\Model::_before_delete($options) F:\thinkphp\Application\Admin\Model\CategoryModel.class.php 第 85 行.
SQL: SHOW COLUMNS FROM `p39_category` [ RunTime:0.0030s ]
SQL: SELECT * FROM `p39_category`  [ RunTime:0.0000s ]
INFO: [ view_parse ] --START--
INFO: [ template_filter ] --START--
INFO: Run Behavior\ContentReplaceBehavior [ RunTime:0.000000s ]
INFO: [ template_filter ] --END-- [ RunTime:0.001000s ]
SQL: SHOW COLUMNS FROM `p39_brand` [ RunTime:0.0020s ]
SQL: SELECT * FROM `p39_brand`  [ RunTime:0.0010s ]
INFO: Run Behavior\ParseTemplateBehavior [ RunTime:0.014000s ]
INFO: [ view_parse ] --END-- [ RunTime:0.014000s ]
INFO: [ view_filter ] --START--
INFO: Run Behavior\WriteHtmlCacheBehavior [ RunTime:0.001001s ]
INFO: [ view_filter ] --END-- [ RunTime:0.001001s ]
INFO: [ app_end ] --START--
INFO: Run Behavior\ShowPageTraceBehavior [ RunTime:0.001000s ]
INFO: [ app_end ] --END-- [ RunTime:0.001000s ]

[ 2016-12-27T21:34:09+08:00 ] 127.0.0.1 /index.php/Admin/Goods/qty/id/21.html
INFO: [ app_init ] --START--
INFO: Run Behavior\BuildLiteBehavior [ RunTime:0.000000s ]
INFO: [ app_init ] --END-- [ RunTime:0.001000s ]
INFO: [ app_begin ] --START--
INFO: Run Behavior\ReadHtmlCacheBehavior [ RunTime:0.001000s ]
INFO: [ app_begin ] --END-- [ RunTime:0.001000s ]
INFO: [ view_parse ] --START--
INFO: [ template_filter ] --START--
INFO: Run Behavior\ContentReplaceBehavior [ RunTime:0.000000s ]
INFO: [ template_filter ] --END-- [ RunTime:0.000000s ]
NOTIC: [8] Undefined variable: _web_title F:\thinkphp\Application\Runtime\Cache\Admin\c56f033f61f22aaba3c4f0fbb8884217.php 第 4 行.
NOTIC: [8] Undefined variable: _page_btn_link F:\thinkphp\Application\Runtime\Cache\Admin\c56f033f61f22aaba3c4f0fbb8884217.php 第 12 行.
NOTIC: [8] Undefined variable: _page_btn_name F:\thinkphp\Application\Runtime\Cache\Admin\c56f033f61f22aaba3c4f0fbb8884217.php 第 12 行.
NOTIC: [8] Undefined variable: _page_title F:\thinkphp\Application\Runtime\Cache\Admin\c56f033f61f22aaba3c4f0fbb8884217.php 第 15 行.
NOTIC: [8] Undefined variable: data F:\thinkphp\Application\Runtime\Cache\Admin\c56f033f61f22aaba3c4f0fbb8884217.php 第 29 行.
NOTIC: [2] Invalid argument supplied for foreach() F:\thinkphp\Application\Runtime\Cache\Admin\c56f033f61f22aaba3c4f0fbb8884217.php 第 29 行.
NOTIC: [8] Undefined variable: page F:\thinkphp\Application\Runtime\Cache\Admin\c56f033f61f22aaba3c4f0fbb8884217.php 第 39 行.
INFO: Run Behavior\ParseTemplateBehavior [ RunTime:0.006000s ]
INFO: [ view_parse ] --END-- [ RunTime:0.006000s ]
INFO: [ view_filter ] --START--
INFO: Run Behavior\WriteHtmlCacheBehavior [ RunTime:0.000000s ]
INFO: [ view_filter ] --END-- [ RunTime:0.001000s ]
INFO: [ app_end ] --START--
INFO: Run Behavior\ShowPageTraceBehavior [ RunTime:0.001000s ]
INFO: [ app_end ] --END-- [ RunTime:0.001000s ]

[ 2016-12-27T21:34:30+08:00 ] 127.0.0.1 /index.php/Admin/Goods/qty/id/21.html
INFO: [ app_init ] --START--
INFO: Run Behavior\BuildLiteBehavior [ RunTime:0.000000s ]
INFO: [ app_init ] --END-- [ RunTime:0.000000s ]
INFO: [ app_begin ] --START--
INFO: Run Behavior\ReadHtmlCacheBehavior [ RunTime:0.001000s ]
INFO: [ app_begin ] --END-- [ RunTime:0.001000s ]
INFO: [ view_parse ] --START--
INFO: [ template_filter ] --START--
INFO: Run Behavior\ContentReplaceBehavior [ RunTime:0.000000s ]
INFO: [ template_filter ] --END-- [ RunTime:0.000000s ]
NOTIC: [8] Undefined variable: _web_title F:\thinkphp\Application\Runtime\Cache\Admin\c56f033f61f22aaba3c4f0fbb8884217.php 第 4 行.
NOTIC: [8] Undefined variable: _page_btn_link F:\thinkphp\Application\Runtime\Cache\Admin\c56f033f61f22aaba3c4f0fbb8884217.php 第 12 行.
NOTIC: [8] Undefined variable: _page_btn_name F:\thinkphp\Application\Runtime\Cache\Admin\c56f033f61f22aaba3c4f0fbb8884217.php 第 12 行.
NOTIC: [8] Undefined variable: _page_title F:\thinkphp\Application\Runtime\Cache\Admin\c56f033f61f22aaba3c4f0fbb8884217.php 第 15 行.
NOTIC: [8] Undefined variable: data F:\thinkphp\Application\Runtime\Cache\Admin\c56f033f61f22aaba3c4f0fbb8884217.php 第 29 行.
NOTIC: [2] Invalid argument supplied for foreach() F:\thinkphp\Application\Runtime\Cache\Admin\c56f033f61f22aaba3c4f0fbb8884217.php 第 29 行.
NOTIC: [8] Undefined variable: page F:\thinkphp\Application\Runtime\Cache\Admin\c56f033f61f22aaba3c4f0fbb8884217.php 第 39 行.
INFO: Run Behavior\ParseTemplateBehavior [ RunTime:0.007000s ]
INFO: [ view_parse ] --END-- [ RunTime:0.007000s ]
INFO: [ view_filter ] --START--
INFO: Run Behavior\WriteHtmlCacheBehavior [ RunTime:0.001000s ]
INFO: [ view_filter ] --END-- [ RunTime:0.001000s ]
INFO: [ app_end ] --START--
INFO: Run Behavior\ShowPageTraceBehavior [ RunTime:0.001000s ]
INFO: [ app_end ] --END-- [ RunTime:0.001000s ]

[ 2016-12-27T21:34:52+08:00 ] 127.0.0.1 /index.php/Admin/Goods/qty/id/21.html
INFO: [ app_init ] --START--
INFO: Run Behavior\BuildLiteBehavior [ RunTime:0.000000s ]
INFO: [ app_init ] --END-- [ RunTime:0.001000s ]
INFO: [ app_begin ] --START--
INFO: Run Behavior\ReadHtmlCacheBehavior [ RunTime:0.000000s ]
INFO: [ app_begin ] --END-- [ RunTime:0.000000s ]
INFO: [ view_parse ] --START--
INFO: [ template_filter ] --START--
INFO: Run Behavior\ContentReplaceBehavior [ RunTime:0.000000s ]
INFO: [ template_filter ] --END-- [ RunTime:0.000000s ]
NOTIC: [8] Undefined variable: _web_title F:\thinkphp\Application\Runtime\Cache\Admin\c56f033f61f22aaba3c4f0fbb8884217.php 第 4 行.
NOTIC: [8] Undefined variable: _page_btn_link F:\thinkphp\Application\Runtime\Cache\Admin\c56f033f61f22aaba3c4f0fbb8884217.php 第 12 行.
NOTIC: [8] Undefined variable: _page_btn_name F:\thinkphp\Application\Runtime\Cache\Admin\c56f033f61f22aaba3c4f0fbb8884217.php 第 12 行.
NOTIC: [8] Undefined variable: _page_title F:\thinkphp\Application\Runtime\Cache\Admin\c56f033f61f22aaba3c4f0fbb8884217.php 第 15 行.
NOTIC: [8] Undefined variable: data F:\thinkphp\Application\Runtime\Cache\Admin\c56f033f61f22aaba3c4f0fbb8884217.php 第 29 行.
NOTIC: [2] Invalid argument supplied for foreach() F:\thinkphp\Application\Runtime\Cache\Admin\c56f033f61f22aaba3c4f0fbb8884217.php 第 29 行.
NOTIC: [8] Undefined variable: page F:\thinkphp\Application\Runtime\Cache\Admin\c56f033f61f22aaba3c4f0fbb8884217.php 第 39 行.
INFO: Run Behavior\ParseTemplateBehavior [ RunTime:0.006000s ]
INFO: [ view_parse ] --END-- [ RunTime:0.006000s ]
INFO: [ view_filter ] --START--
INFO: Run Behavior\WriteHtmlCacheBehavior [ RunTime:0.001000s ]
INFO: [ view_filter ] --END-- [ RunTime:0.001000s ]
INFO: [ app_end ] --START--
INFO: Run Behavior\ShowPageTraceBehavior [ RunTime:0.001000s ]
INFO: [ app_end ] --END-- [ RunTime:0.001000s ]

[ 2016-12-27T21:35:24+08:00 ] 127.0.0.1 /index.php/Admin/Goods/qty/id/21.html
INFO: [ app_init ] --START--
INFO: Run Behavior\BuildLiteBehavior [ RunTime:0.000000s ]
INFO: [ app_init ] --END-- [ RunTime:0.000000s ]
INFO: [ app_begin ] --START--
INFO: Run Behavior\ReadHtmlCacheBehavior [ RunTime:0.001000s ]
INFO: [ app_begin ] --END-- [ RunTime:0.001000s ]
INFO: [ view_parse ] --START--
INFO: [ template_filter ] --START--
INFO: Run Behavior\ContentReplaceBehavior [ RunTime:0.000000s ]
INFO: [ template_filter ] --END-- [ RunTime:0.000000s ]
NOTIC: [8] Undefined variable: _web_title F:\thinkphp\Application\Runtime\Cache\Admin\c56f033f61f22aaba3c4f0fbb8884217.php 第 4 行.
NOTIC: [8] Undefined variable: _page_btn_link F:\thinkphp\Application\Runtime\Cache\Admin\c56f033f61f22aaba3c4f0fbb8884217.php 第 12 行.
NOTIC: [8] Undefined variable: _page_btn_name F:\thinkphp\Application\Runtime\Cache\Admin\c56f033f61f22aaba3c4f0fbb8884217.php 第 12 行.
NOTIC: [8] Undefined variable: _page_title F:\thinkphp\Application\Runtime\Cache\Admin\c56f033f61f22aaba3c4f0fbb8884217.php 第 15 行.
NOTIC: [8] Undefined variable: data F:\thinkphp\Application\Runtime\Cache\Admin\c56f033f61f22aaba3c4f0fbb8884217.php 第 29 行.
NOTIC: [2] Invalid argument supplied for foreach() F:\thinkphp\Application\Runtime\Cache\Admin\c56f033f61f22aaba3c4f0fbb8884217.php 第 29 行.
INFO: Run Behavior\ParseTemplateBehavior [ RunTime:0.008001s ]
INFO: [ view_parse ] --END-- [ RunTime:0.008001s ]
INFO: [ view_filter ] --START--
INFO: Run Behavior\WriteHtmlCacheBehavior [ RunTime:0.001000s ]
INFO: [ view_filter ] --END-- [ RunTime:0.001000s ]
INFO: [ app_end ] --START--
INFO: Run Behavior\ShowPageTraceBehavior [ RunTime:0.000000s ]
INFO: [ app_end ] --END-- [ RunTime:0.000000s ]

[ 2016-12-27T21:36:10+08:00 ] 127.0.0.1 /index.php/Admin/Goods/qty/id/21.html
INFO: [ app_init ] --START--
INFO: Run Behavior\BuildLiteBehavior [ RunTime:0.000000s ]
INFO: [ app_init ] --END-- [ RunTime:0.000000s ]
INFO: [ app_begin ] --START--
INFO: Run Behavior\ReadHtmlCacheBehavior [ RunTime:0.001000s ]
INFO: [ app_begin ] --END-- [ RunTime:0.001000s ]
INFO: [ view_parse ] --START--
INFO: [ template_filter ] --START--
INFO: Run Behavior\ContentReplaceBehavior [ RunTime:0.000000s ]
INFO: [ template_filter ] --END-- [ RunTime:0.000000s ]
NOTIC: [8] Undefined variable: _web_title F:\thinkphp\Application\Runtime\Cache\Admin\c56f033f61f22aaba3c4f0fbb8884217.php 第 4 行.
NOTIC: [8] Undefined variable: _page_btn_link F:\thinkphp\Application\Runtime\Cache\Admin\c56f033f61f22aaba3c4f0fbb8884217.php 第 12 行.
NOTIC: [8] Undefined variable: _page_btn_name F:\thinkphp\Application\Runtime\Cache\Admin\c56f033f61f22aaba3c4f0fbb8884217.php 第 12 行.
NOTIC: [8] Undefined variable: _page_title F:\thinkphp\Application\Runtime\Cache\Admin\c56f033f61f22aaba3c4f0fbb8884217.php 第 15 行.
NOTIC: [8] Undefined variable: data F:\thinkphp\Application\Runtime\Cache\Admin\c56f033f61f22aaba3c4f0fbb8884217.php 第 30 行.
NOTIC: [2] Invalid argument supplied for foreach() F:\thinkphp\Application\Runtime\Cache\Admin\c56f033f61f22aaba3c4f0fbb8884217.php 第 30 行.
INFO: Run Behavior\ParseTemplateBehavior [ RunTime:0.007000s ]
INFO: [ view_parse ] --END-- [ RunTime:0.007000s ]
INFO: [ view_filter ] --START--
INFO: Run Behavior\WriteHtmlCacheBehavior [ RunTime:0.000000s ]
INFO: [ view_filter ] --END-- [ RunTime:0.000000s ]
INFO: [ app_end ] --START--
INFO: Run Behavior\ShowPageTraceBehavior [ RunTime:0.001000s ]
INFO: [ app_end ] --END-- [ RunTime:0.001000s ]

[ 2016-12-27T21:37:46+08:00 ] 127.0.0.1 /index.php/Admin/Goods/qty/id/21.html
INFO: [ app_init ] --START--
INFO: Run Behavior\BuildLiteBehavior [ RunTime:0.000000s ]
INFO: [ app_init ] --END-- [ RunTime:0.000000s ]
INFO: [ app_begin ] --START--
INFO: Run Behavior\ReadHtmlCacheBehavior [ RunTime:0.000000s ]
INFO: [ app_begin ] --END-- [ RunTime:0.000000s ]
NOTIC: [8] Undefined variable: catData F:\thinkphp\Application\Admin\Controller\GoodsController.class.php 第 226 行.
INFO: [ view_parse ] --START--
INFO: [ template_filter ] --START--
INFO: Run Behavior\ContentReplaceBehavior [ RunTime:0.001000s ]
INFO: [ template_filter ] --END-- [ RunTime:0.001000s ]
NOTIC: [8] Undefined variable: data F:\thinkphp\Application\Runtime\Cache\Admin\c56f033f61f22aaba3c4f0fbb8884217.php 第 30 行.
NOTIC: [2] Invalid argument supplied for foreach() F:\thinkphp\Application\Runtime\Cache\Admin\c56f033f61f22aaba3c4f0fbb8884217.php 第 30 行.
INFO: Run Behavior\ParseTemplateBehavior [ RunTime:0.008000s ]
INFO: [ view_parse ] --END-- [ RunTime:0.008000s ]
INFO: [ view_filter ] --START--
INFO: Run Behavior\WriteHtmlCacheBehavior [ RunTime:0.000000s ]
INFO: [ view_filter ] --END-- [ RunTime:0.000000s ]
INFO: [ app_end ] --START--
INFO: Run Behavior\ShowPageTraceBehavior [ RunTime:0.001000s ]
INFO: [ app_end ] --END-- [ RunTime:0.001000s ]

[ 2016-12-27T21:37:58+08:00 ] 127.0.0.1 /index.php/Admin/Goods/qty/id/21.html
INFO: [ app_init ] --START--
INFO: Run Behavior\BuildLiteBehavior [ RunTime:0.000000s ]
INFO: [ app_init ] --END-- [ RunTime:0.000000s ]
INFO: [ app_begin ] --START--
INFO: Run Behavior\ReadHtmlCacheBehavior [ RunTime:0.001000s ]
INFO: [ app_begin ] --END-- [ RunTime:0.001000s ]
NOTIC: [8] Undefined variable: catData F:\thinkphp\Application\Admin\Controller\GoodsController.class.php 第 226 行.
INFO: [ view_parse ] --START--
INFO: [ template_filter ] --START--
INFO: Run Behavior\ContentReplaceBehavior [ RunTime:0.000000s ]
INFO: [ template_filter ] --END-- [ RunTime:0.000000s ]
NOTIC: [8] Undefined variable: data F:\thinkphp\Application\Runtime\Cache\Admin\c56f033f61f22aaba3c4f0fbb8884217.php 第 30 行.
NOTIC: [2] Invalid argument supplied for foreach() F:\thinkphp\Application\Runtime\Cache\Admin\c56f033f61f22aaba3c4f0fbb8884217.php 第 30 行.
INFO: Run Behavior\ParseTemplateBehavior [ RunTime:0.007001s ]
INFO: [ view_parse ] --END-- [ RunTime:0.007001s ]
INFO: [ view_filter ] --START--
INFO: Run Behavior\WriteHtmlCacheBehavior [ RunTime:0.000000s ]
INFO: [ view_filter ] --END-- [ RunTime:0.000000s ]
INFO: [ app_end ] --START--
INFO: Run Behavior\ShowPageTraceBehavior [ RunTime:0.001000s ]
INFO: [ app_end ] --END-- [ RunTime:0.001000s ]

[ 2016-12-27T21:38:03+08:00 ] 127.0.0.1 /index.php/Admin/Goods/lst.html
INFO: [ app_init ] --START--
INFO: Run Behavior\BuildLiteBehavior [ RunTime:0.000000s ]
INFO: [ app_init ] --END-- [ RunTime:0.001000s ]
INFO: [ app_begin ] --START--
INFO: Run Behavior\ReadHtmlCacheBehavior [ RunTime:0.001000s ]
INFO: [ app_begin ] --END-- [ RunTime:0.001000s ]
SQL: SHOW COLUMNS FROM `p39_goods` [ RunTime:0.0030s ]
NOTIC: [8] Undefined variable: where F:\thinkphp\Application\Admin\Model\GoodsModel.class.php 第 341 行.
SQL: SELECT COUNT(*) AS tp_count FROM `p39_goods` LIMIT 1   [ RunTime:0.0000s ]
NOTIC: [8] Undefined variable: where F:\thinkphp\Application\Admin\Model\GoodsModel.class.php 第 356 行.
SQL: SELECT a.*,b.brand_name,c.cat_name,GROUP_CONCAT(e.cat_name) ext_cat_name FROM p39_goods a LEFT JOIN p39_brand b ON b.id=a.brand_id
				LEFT JOIN p39_category c ON a.cat_id=c.id
				LEFT JOIN p39_goods_cat d ON a.id=d.goods_id
				LEFT JOIN p39_category  e on e.id=d.cat_id  GROUP BY a.id ORDER BY id desc LIMIT 0,10   [ RunTime:0.0010s ]
NOTIC: [2048] Declaration of Admin\Model\CategoryModel::_before_delete() should be compatible with Think\Model::_before_delete($options) F:\thinkphp\Application\Admin\Model\CategoryModel.class.php 第 85 行.
SQL: SHOW COLUMNS FROM `p39_category` [ RunTime:0.0030s ]
SQL: SELECT * FROM `p39_category`  [ RunTime:0.0010s ]
INFO: [ view_parse ] --START--
INFO: [ template_filter ] --START--
INFO: Run Behavior\ContentReplaceBehavior [ RunTime:0.000000s ]
INFO: [ template_filter ] --END-- [ RunTime:0.000000s ]
SQL: SHOW COLUMNS FROM `p39_brand` [ RunTime:0.0020s ]
SQL: SELECT * FROM `p39_brand`  [ RunTime:0.0010s ]
INFO: Run Behavior\ParseTemplateBehavior [ RunTime:0.013001s ]
INFO: [ view_parse ] --END-- [ RunTime:0.013001s ]
INFO: [ view_filter ] --START--
INFO: Run Behavior\WriteHtmlCacheBehavior [ RunTime:0.001000s ]
INFO: [ view_filter ] --END-- [ RunTime:0.001000s ]
INFO: [ app_end ] --START--
INFO: Run Behavior\ShowPageTraceBehavior [ RunTime:0.001000s ]
INFO: [ app_end ] --END-- [ RunTime:0.001000s ]

[ 2016-12-27T21:38:09+08:00 ] 127.0.0.1 /index.php/Admin/Goods/qty/id/21.html
INFO: [ app_init ] --START--
INFO: Run Behavior\BuildLiteBehavior [ RunTime:0.000000s ]
INFO: [ app_init ] --END-- [ RunTime:0.001000s ]
INFO: [ app_begin ] --START--
INFO: Run Behavior\ReadHtmlCacheBehavior [ RunTime:0.001000s ]
INFO: [ app_begin ] --END-- [ RunTime:0.001000s ]
NOTIC: [8] Undefined variable: catData F:\thinkphp\Application\Admin\Controller\GoodsController.class.php 第 226 行.
INFO: [ view_parse ] --START--
INFO: [ template_filter ] --START--
INFO: Run Behavior\ContentReplaceBehavior [ RunTime:0.000000s ]
INFO: [ template_filter ] --END-- [ RunTime:0.000000s ]
NOTIC: [8] Undefined variable: data F:\thinkphp\Application\Runtime\Cache\Admin\c56f033f61f22aaba3c4f0fbb8884217.php 第 30 行.
NOTIC: [2] Invalid argument supplied for foreach() F:\thinkphp\Application\Runtime\Cache\Admin\c56f033f61f22aaba3c4f0fbb8884217.php 第 30 行.
INFO: Run Behavior\ParseTemplateBehavior [ RunTime:0.006001s ]
INFO: [ view_parse ] --END-- [ RunTime:0.006001s ]
INFO: [ view_filter ] --START--
INFO: Run Behavior\WriteHtmlCacheBehavior [ RunTime:0.000000s ]
INFO: [ view_filter ] --END-- [ RunTime:0.000000s ]
INFO: [ app_end ] --START--
INFO: Run Behavior\ShowPageTraceBehavior [ RunTime:0.001000s ]
INFO: [ app_end ] --END-- [ RunTime:0.001000s ]

[ 2016-12-27T21:48:14+08:00 ] 127.0.0.1 /index.php/Admin/Goods/qty/id/21.html
INFO: [ app_init ] --START--
INFO: Run Behavior\BuildLiteBehavior [ RunTime:0.000000s ]
INFO: [ app_init ] --END-- [ RunTime:0.000000s ]
INFO: [ app_begin ] --START--
INFO: Run Behavior\ReadHtmlCacheBehavior [ RunTime:0.000000s ]
INFO: [ app_begin ] --END-- [ RunTime:0.000000s ]
SQL: SHOW COLUMNS FROM `p39_goods_attr` [ RunTime:0.0030s ]
SQL: SELECT a.*,b.attr_name FROM p39_goods_attr a LEFT JOIN p39_attribute b ON a.attr_id=b.id  WHERE a.goods_id = '21' AND b.attr_type = '可选'  [ RunTime:0.0000s ]

[ 2016-12-27T21:48:38+08:00 ] 127.0.0.1 /index.php/Admin/Goods/qty/id/21.html
INFO: [ app_init ] --START--
INFO: Run Behavior\BuildLiteBehavior [ RunTime:0.000000s ]
INFO: [ app_init ] --END-- [ RunTime:0.001000s ]
INFO: [ app_begin ] --START--
INFO: Run Behavior\ReadHtmlCacheBehavior [ RunTime:0.001000s ]
INFO: [ app_begin ] --END-- [ RunTime:0.001000s ]
SQL: SHOW COLUMNS FROM `p39_goods_attr` [ RunTime:0.0030s ]
SQL: SELECT a.*,b.attr_name FROM p39_goods_attr a LEFT JOIN p39_attribute b ON a.attr_id=b.id  WHERE a.goods_id = '21' AND b.attr_type = '可选'  [ RunTime:0.0010s ]

[ 2016-12-27T21:54:06+08:00 ] 127.0.0.1 /index.php/Admin/Goods/qty/id/21.html
INFO: [ app_init ] --START--
INFO: Run Behavior\BuildLiteBehavior [ RunTime:0.001000s ]
INFO: [ app_init ] --END-- [ RunTime:0.001000s ]
INFO: [ app_begin ] --START--
INFO: Run Behavior\ReadHtmlCacheBehavior [ RunTime:0.001000s ]
INFO: [ app_begin ] --END-- [ RunTime:0.001000s ]
SQL: SHOW COLUMNS FROM `p39_goods_attr` [ RunTime:0.0030s ]
SQL: SELECT a.*,b.attr_name FROM p39_goods_attr a LEFT JOIN p39_attribute b ON a.attr_id=b.id  WHERE a.goods_id = '21' AND b.attr_type = '可选'  [ RunTime:0.0010s ]

[ 2016-12-27T21:55:31+08:00 ] 127.0.0.1 /index.php/Admin/Goods/qty/id/21.html
INFO: [ app_init ] --START--
INFO: Run Behavior\BuildLiteBehavior [ RunTime:0.000000s ]
INFO: [ app_init ] --END-- [ RunTime:0.000000s ]
INFO: [ app_begin ] --START--
INFO: Run Behavior\ReadHtmlCacheBehavior [ RunTime:0.001000s ]
INFO: [ app_begin ] --END-- [ RunTime:0.001000s ]
SQL: SHOW COLUMNS FROM `p39_goods_attr` [ RunTime:0.0030s ]
SQL: SELECT a.*,b.attr_name FROM p39_goods_attr a LEFT JOIN p39_attribute b ON a.attr_id=b.id  WHERE a.goods_id = '21' AND b.attr_type = '可选'  [ RunTime:0.0000s ]
INFO: [ view_parse ] --START--
INFO: [ template_filter ] --START--
INFO: Run Behavior\ContentReplaceBehavior [ RunTime:0.000000s ]
INFO: [ template_filter ] --END-- [ RunTime:0.000000s ]
NOTIC: [8] Undefined variable: data F:\thinkphp\Application\Runtime\Cache\Admin\c56f033f61f22aaba3c4f0fbb8884217.php 第 30 行.
NOTIC: [2] Invalid argument supplied for foreach() F:\thinkphp\Application\Runtime\Cache\Admin\c56f033f61f22aaba3c4f0fbb8884217.php 第 30 行.
INFO: Run Behavior\ParseTemplateBehavior [ RunTime:0.006000s ]
INFO: [ view_parse ] --END-- [ RunTime:0.006000s ]
INFO: [ view_filter ] --START--
INFO: Run Behavior\WriteHtmlCacheBehavior [ RunTime:0.001000s ]
INFO: [ view_filter ] --END-- [ RunTime:0.001000s ]
INFO: [ app_end ] --START--
INFO: Run Behavior\ShowPageTraceBehavior [ RunTime:0.001000s ]
INFO: [ app_end ] --END-- [ RunTime:0.001000s ]

[ 2016-12-27T21:56:47+08:00 ] 127.0.0.1 /index.php/Admin/Goods/qty/id/21.html
INFO: [ app_init ] --START--
INFO: Run Behavior\BuildLiteBehavior [ RunTime:0.000000s ]
INFO: [ app_init ] --END-- [ RunTime:0.000000s ]
INFO: [ app_begin ] --START--
INFO: Run Behavior\ReadHtmlCacheBehavior [ RunTime:0.000000s ]
INFO: [ app_begin ] --END-- [ RunTime:0.000000s ]
SQL: SHOW COLUMNS FROM `p39_goods_attr` [ RunTime:0.0030s ]
SQL: SELECT a.*,b.attr_name FROM p39_goods_attr a LEFT JOIN p39_attribute b ON a.attr_id=b.id  WHERE a.goods_id = '21' AND b.attr_type = '可选'  [ RunTime:0.0000s ]
INFO: [ view_parse ] --START--
INFO: [ template_filter ] --START--
INFO: Run Behavior\ContentReplaceBehavior [ RunTime:0.000000s ]
INFO: [ template_filter ] --END-- [ RunTime:0.000000s ]
NOTIC: [8] Undefined variable: data F:\thinkphp\Application\Runtime\Cache\Admin\c56f033f61f22aaba3c4f0fbb8884217.php 第 32 行.
NOTIC: [2] Invalid argument supplied for foreach() F:\thinkphp\Application\Runtime\Cache\Admin\c56f033f61f22aaba3c4f0fbb8884217.php 第 32 行.
INFO: Run Behavior\ParseTemplateBehavior [ RunTime:0.006000s ]
INFO: [ view_parse ] --END-- [ RunTime:0.006000s ]
INFO: [ view_filter ] --START--
INFO: Run Behavior\WriteHtmlCacheBehavior [ RunTime:0.000000s ]
INFO: [ view_filter ] --END-- [ RunTime:0.000000s ]
INFO: [ app_end ] --START--
INFO: Run Behavior\ShowPageTraceBehavior [ RunTime:0.001000s ]
INFO: [ app_end ] --END-- [ RunTime:0.001000s ]

[ 2016-12-27T21:56:48+08:00 ] 127.0.0.1 /index.php/Admin/Goods/qty/id/21.html
INFO: [ app_init ] --START--
INFO: Run Behavior\BuildLiteBehavior [ RunTime:0.000000s ]
INFO: [ app_init ] --END-- [ RunTime:0.001000s ]
INFO: [ app_begin ] --START--
INFO: Run Behavior\ReadHtmlCacheBehavior [ RunTime:0.001000s ]
INFO: [ app_begin ] --END-- [ RunTime:0.001000s ]
SQL: SHOW COLUMNS FROM `p39_goods_attr` [ RunTime:0.0030s ]
SQL: SELECT a.*,b.attr_name FROM p39_goods_attr a LEFT JOIN p39_attribute b ON a.attr_id=b.id  WHERE a.goods_id = '21' AND b.attr_type = '可选'  [ RunTime:0.0000s ]
INFO: [ view_parse ] --START--
INFO: [ template_filter ] --START--
INFO: Run Behavior\ContentReplaceBehavior [ RunTime:0.000000s ]
INFO: [ template_filter ] --END-- [ RunTime:0.000000s ]
NOTIC: [8] Undefined variable: data F:\thinkphp\Application\Runtime\Cache\Admin\c56f033f61f22aaba3c4f0fbb8884217.php 第 32 行.
NOTIC: [2] Invalid argument supplied for foreach() F:\thinkphp\Application\Runtime\Cache\Admin\c56f033f61f22aaba3c4f0fbb8884217.php 第 32 行.
INFO: Run Behavior\ParseTemplateBehavior [ RunTime:0.007000s ]
INFO: [ view_parse ] --END-- [ RunTime:0.007000s ]
INFO: [ view_filter ] --START--
INFO: Run Behavior\WriteHtmlCacheBehavior [ RunTime:0.000000s ]
INFO: [ view_filter ] --END-- [ RunTime:0.000000s ]
INFO: [ app_end ] --START--
INFO: Run Behavior\ShowPageTraceBehavior [ RunTime:0.001001s ]
INFO: [ app_end ] --END-- [ RunTime:0.001001s ]

[ 2016-12-27T21:57:13+08:00 ] 127.0.0.1 /index.php/Admin/Goods/qty/id/21.html
INFO: [ app_init ] --START--
INFO: Run Behavior\BuildLiteBehavior [ RunTime:0.000000s ]
INFO: [ app_init ] --END-- [ RunTime:0.001000s ]
INFO: [ app_begin ] --START--
INFO: Run Behavior\ReadHtmlCacheBehavior [ RunTime:0.000000s ]
INFO: [ app_begin ] --END-- [ RunTime:0.000000s ]
SQL: SHOW COLUMNS FROM `p39_goods_attr` [ RunTime:0.0030s ]
SQL: SELECT a.*,b.attr_name FROM p39_goods_attr a LEFT JOIN p39_attribute b ON a.attr_id=b.id  WHERE a.goods_id = '21' AND b.attr_type = '可选'  [ RunTime:0.0000s ]
INFO: [ view_parse ] --START--
INFO: [ template_filter ] --START--
INFO: Run Behavior\ContentReplaceBehavior [ RunTime:0.000000s ]
INFO: [ template_filter ] --END-- [ RunTime:0.000000s ]
NOTIC: [8] Undefined variable: data F:\thinkphp\Application\Runtime\Cache\Admin\c56f033f61f22aaba3c4f0fbb8884217.php 第 32 行.
NOTIC: [2] Invalid argument supplied for foreach() F:\thinkphp\Application\Runtime\Cache\Admin\c56f033f61f22aaba3c4f0fbb8884217.php 第 32 行.
INFO: Run Behavior\ParseTemplateBehavior [ RunTime:0.006000s ]
INFO: [ view_parse ] --END-- [ RunTime:0.006000s ]
INFO: [ view_filter ] --START--
INFO: Run Behavior\WriteHtmlCacheBehavior [ RunTime:0.000000s ]
INFO: [ view_filter ] --END-- [ RunTime:0.000000s ]
INFO: [ app_end ] --START--
INFO: Run Behavior\ShowPageTraceBehavior [ RunTime:0.001001s ]
INFO: [ app_end ] --END-- [ RunTime:0.001001s ]

[ 2016-12-27T22:03:46+08:00 ] 127.0.0.1 /index.php/Admin/Goods/qty/id/21.html
INFO: [ app_init ] --START--
INFO: Run Behavior\BuildLiteBehavior [ RunTime:0.000000s ]
INFO: [ app_init ] --END-- [ RunTime:0.001000s ]
INFO: [ app_begin ] --START--
INFO: Run Behavior\ReadHtmlCacheBehavior [ RunTime:0.001000s ]
INFO: [ app_begin ] --END-- [ RunTime:0.001000s ]
SQL: SHOW COLUMNS FROM `p39_goods_attr` [ RunTime:0.0040s ]
SQL: SELECT a.*,b.attr_name FROM p39_goods_attr a LEFT JOIN p39_attribute b ON a.attr_id=b.id  WHERE a.goods_id = '21' AND b.attr_type = '可选'  [ RunTime:0.0010s ]

[ 2016-12-27T22:05:23+08:00 ] 127.0.0.1 /index.php/Admin/Goods/qty/id/21.html
INFO: [ app_init ] --START--
INFO: Run Behavior\BuildLiteBehavior [ RunTime:0.000000s ]
INFO: [ app_init ] --END-- [ RunTime:0.000000s ]
INFO: [ app_begin ] --START--
INFO: Run Behavior\ReadHtmlCacheBehavior [ RunTime:0.000000s ]
INFO: [ app_begin ] --END-- [ RunTime:0.001000s ]
SQL: SHOW COLUMNS FROM `p39_goods_attr` [ RunTime:0.0030s ]
SQL: SELECT a.*,b.attr_name FROM p39_goods_attr a LEFT JOIN p39_attribute b ON a.attr_id=b.id  WHERE a.goods_id = '21' AND b.attr_type = '可选'  [ RunTime:0.0010s ]
INFO: [ view_parse ] --START--
INFO: [ template_filter ] --START--
INFO: Run Behavior\ContentReplaceBehavior [ RunTime:0.000000s ]
INFO: [ template_filter ] --END-- [ RunTime:0.000000s ]
INFO: Run Behavior\ParseTemplateBehavior [ RunTime:0.007000s ]
INFO: [ view_parse ] --END-- [ RunTime:0.007000s ]
INFO: [ view_filter ] --START--
INFO: Run Behavior\WriteHtmlCacheBehavior [ RunTime:0.000000s ]
INFO: [ view_filter ] --END-- [ RunTime:0.000000s ]
INFO: [ app_end ] --START--
INFO: Run Behavior\ShowPageTraceBehavior [ RunTime:0.001000s ]
INFO: [ app_end ] --END-- [ RunTime:0.001000s ]

[ 2016-12-27T22:06:11+08:00 ] 127.0.0.1 /index.php/Admin/Goods/qty/id/21.html
INFO: [ app_init ] --START--
INFO: Run Behavior\BuildLiteBehavior [ RunTime:0.000000s ]
INFO: [ app_init ] --END-- [ RunTime:0.000000s ]
INFO: [ app_begin ] --START--
INFO: Run Behavior\ReadHtmlCacheBehavior [ RunTime:0.001000s ]
INFO: [ app_begin ] --END-- [ RunTime:0.001000s ]
SQL: SHOW COLUMNS FROM `p39_goods_attr` [ RunTime:0.0030s ]
SQL: SELECT a.*,b.attr_name FROM p39_goods_attr a LEFT JOIN p39_attribute b ON a.attr_id=b.id  WHERE a.goods_id = '21' AND b.attr_type = '可选'  [ RunTime:0.0010s ]
INFO: [ view_parse ] --START--
INFO: [ template_filter ] --START--
INFO: Run Behavior\ContentReplaceBehavior [ RunTime:0.000000s ]
INFO: [ template_filter ] --END-- [ RunTime:0.000000s ]
INFO: Run Behavior\ParseTemplateBehavior [ RunTime:0.011001s ]
INFO: [ view_parse ] --END-- [ RunTime:0.011001s ]
INFO: [ view_filter ] --START--
INFO: Run Behavior\WriteHtmlCacheBehavior [ RunTime:0.001000s ]
INFO: [ view_filter ] --END-- [ RunTime:0.001000s ]
INFO: [ app_end ] --START--
INFO: Run Behavior\ShowPageTraceBehavior [ RunTime:0.000000s ]
INFO: [ app_end ] --END-- [ RunTime:0.000000s ]

[ 2016-12-27T22:06:13+08:00 ] 127.0.0.1 /index.php/Admin/Goods/qty/id/21.html
INFO: [ app_init ] --START--
INFO: Run Behavior\BuildLiteBehavior [ RunTime:0.000000s ]
INFO: [ app_init ] --END-- [ RunTime:0.001000s ]
INFO: [ app_begin ] --START--
INFO: Run Behavior\ReadHtmlCacheBehavior [ RunTime:0.001000s ]
INFO: [ app_begin ] --END-- [ RunTime:0.001000s ]
SQL: SHOW COLUMNS FROM `p39_goods_attr` [ RunTime:0.0030s ]
SQL: SELECT a.*,b.attr_name FROM p39_goods_attr a LEFT JOIN p39_attribute b ON a.attr_id=b.id  WHERE a.goods_id = '21' AND b.attr_type = '可选'  [ RunTime:0.0000s ]
INFO: [ view_parse ] --START--
INFO: [ template_filter ] --START--
INFO: Run Behavior\ContentReplaceBehavior [ RunTime:0.000000s ]
INFO: [ template_filter ] --END-- [ RunTime:0.000000s ]
INFO: Run Behavior\ParseTemplateBehavior [ RunTime:0.008000s ]
INFO: [ view_parse ] --END-- [ RunTime:0.008000s ]
INFO: [ view_filter ] --START--
INFO: Run Behavior\WriteHtmlCacheBehavior [ RunTime:0.000000s ]
INFO: [ view_filter ] --END-- [ RunTime:0.000000s ]
INFO: [ app_end ] --START--
INFO: Run Behavior\ShowPageTraceBehavior [ RunTime:0.001000s ]
INFO: [ app_end ] --END-- [ RunTime:0.001000s ]

[ 2016-12-27T22:08:05+08:00 ] 127.0.0.1 /index.php/Admin/Goods/qty/id/21.html
INFO: [ app_init ] --START--
INFO: Run Behavior\BuildLiteBehavior [ RunTime:0.000000s ]
INFO: [ app_init ] --END-- [ RunTime:0.000000s ]
INFO: [ app_begin ] --START--
INFO: Run Behavior\ReadHtmlCacheBehavior [ RunTime:0.000000s ]
INFO: [ app_begin ] --END-- [ RunTime:0.000000s ]
SQL: SHOW COLUMNS FROM `p39_goods_attr` [ RunTime:0.0020s ]
SQL: SELECT a.*,b.attr_name FROM p39_goods_attr a LEFT JOIN p39_attribute b ON a.attr_id=b.id  WHERE a.goods_id = '21' AND b.attr_type = '可选'  [ RunTime:0.0000s ]
INFO: [ view_parse ] --START--
INFO: [ template_filter ] --START--
INFO: Run Behavior\ContentReplaceBehavior [ RunTime:0.000000s ]
INFO: [ template_filter ] --END-- [ RunTime:0.000000s ]
INFO: Run Behavior\ParseTemplateBehavior [ RunTime:0.007000s ]
INFO: [ view_parse ] --END-- [ RunTime:0.007000s ]
INFO: [ view_filter ] --START--
INFO: Run Behavior\WriteHtmlCacheBehavior [ RunTime:0.001000s ]
INFO: [ view_filter ] --END-- [ RunTime:0.001000s ]
INFO: [ app_end ] --START--
INFO: Run Behavior\ShowPageTraceBehavior [ RunTime:0.000000s ]
INFO: [ app_end ] --END-- [ RunTime:0.000000s ]

[ 2016-12-27T22:08:07+08:00 ] 127.0.0.1 /index.php/Admin/Goods/qty/id/21.html
INFO: [ app_init ] --START--
INFO: Run Behavior\BuildLiteBehavior [ RunTime:0.000000s ]
INFO: [ app_init ] --END-- [ RunTime:0.000000s ]
INFO: [ app_begin ] --START--
INFO: Run Behavior\ReadHtmlCacheBehavior [ RunTime:0.000000s ]
INFO: [ app_begin ] --END-- [ RunTime:0.000000s ]
SQL: SHOW COLUMNS FROM `p39_goods_attr` [ RunTime:0.0030s ]
SQL: SELECT a.*,b.attr_name FROM p39_goods_attr a LEFT JOIN p39_attribute b ON a.attr_id=b.id  WHERE a.goods_id = '21' AND b.attr_type = '可选'  [ RunTime:0.0010s ]
INFO: [ view_parse ] --START--
INFO: [ template_filter ] --START--
INFO: Run Behavior\ContentReplaceBehavior [ RunTime:0.000000s ]
INFO: [ template_filter ] --END-- [ RunTime:0.000000s ]
INFO: Run Behavior\ParseTemplateBehavior [ RunTime:0.006000s ]
INFO: [ view_parse ] --END-- [ RunTime:0.006000s ]
INFO: [ view_filter ] --START--
INFO: Run Behavior\WriteHtmlCacheBehavior [ RunTime:0.001001s ]
INFO: [ view_filter ] --END-- [ RunTime:0.001001s ]
INFO: [ app_end ] --START--
INFO: Run Behavior\ShowPageTraceBehavior [ RunTime:0.000000s ]
INFO: [ app_end ] --END-- [ RunTime:0.000000s ]

[ 2016-12-27T22:08:33+08:00 ] 127.0.0.1 /index.php/Admin/Goods/qty/id/21.html
INFO: [ app_init ] --START--
INFO: Run Behavior\BuildLiteBehavior [ RunTime:0.000000s ]
INFO: [ app_init ] --END-- [ RunTime:0.000000s ]
INFO: [ app_begin ] --START--
INFO: Run Behavior\ReadHtmlCacheBehavior [ RunTime:0.001000s ]
INFO: [ app_begin ] --END-- [ RunTime:0.001000s ]
SQL: SHOW COLUMNS FROM `p39_goods_attr` [ RunTime:0.0030s ]
SQL: SELECT a.*,b.attr_name FROM p39_goods_attr a LEFT JOIN p39_attribute b ON a.attr_id=b.id  WHERE a.goods_id = '21' AND b.attr_type = '可选'  [ RunTime:0.0000s ]
INFO: [ view_parse ] --START--
INFO: [ template_filter ] --START--
INFO: Run Behavior\ContentReplaceBehavior [ RunTime:0.000000s ]
INFO: [ template_filter ] --END-- [ RunTime:0.000000s ]
INFO: Run Behavior\ParseTemplateBehavior [ RunTime:0.007001s ]
INFO: [ view_parse ] --END-- [ RunTime:0.007001s ]
INFO: [ view_filter ] --START--
INFO: Run Behavior\WriteHtmlCacheBehavior [ RunTime:0.000000s ]
INFO: [ view_filter ] --END-- [ RunTime:0.000000s ]
INFO: [ app_end ] --START--
INFO: Run Behavior\ShowPageTraceBehavior [ RunTime:0.001000s ]
INFO: [ app_end ] --END-- [ RunTime:0.001000s ]

[ 2016-12-27T22:10:46+08:00 ] 127.0.0.1 /index.php/Admin/Goods/qty/id/21.html
INFO: [ app_init ] --START--
INFO: Run Behavior\BuildLiteBehavior [ RunTime:0.000000s ]
INFO: [ app_init ] --END-- [ RunTime:0.001000s ]
INFO: [ app_begin ] --START--
INFO: Run Behavior\ReadHtmlCacheBehavior [ RunTime:0.000000s ]
INFO: [ app_begin ] --END-- [ RunTime:0.001001s ]
SQL: SHOW COLUMNS FROM `p39_goods_attr` [ RunTime:0.0020s ]
SQL: SELECT a.*,b.attr_name FROM p39_goods_attr a LEFT JOIN p39_attribute b ON a.attr_id=b.id  WHERE a.goods_id = '21' AND b.attr_type = '可选'  [ RunTime:0.0000s ]
INFO: [ view_parse ] --START--
INFO: [ template_filter ] --START--
INFO: Run Behavior\ContentReplaceBehavior [ RunTime:0.000000s ]
INFO: [ template_filter ] --END-- [ RunTime:0.000000s ]
INFO: Run Behavior\ParseTemplateBehavior [ RunTime:0.007000s ]
INFO: [ view_parse ] --END-- [ RunTime:0.008000s ]
INFO: [ view_filter ] --START--
INFO: Run Behavior\WriteHtmlCacheBehavior [ RunTime:0.000000s ]
INFO: [ view_filter ] --END-- [ RunTime:0.000000s ]
INFO: [ app_end ] --START--
INFO: Run Behavior\ShowPageTraceBehavior [ RunTime:0.001000s ]
INFO: [ app_end ] --END-- [ RunTime:0.001000s ]

[ 2016-12-27T22:11:05+08:00 ] 127.0.0.1 /index.php/Admin/Goods/qty/id/21.html
INFO: [ app_init ] --START--
INFO: Run Behavior\BuildLiteBehavior [ RunTime:0.000000s ]
INFO: [ app_init ] --END-- [ RunTime:0.000000s ]
INFO: [ app_begin ] --START--
INFO: Run Behavior\ReadHtmlCacheBehavior [ RunTime:0.000000s ]
INFO: [ app_begin ] --END-- [ RunTime:0.001000s ]
SQL: SHOW COLUMNS FROM `p39_goods_attr` [ RunTime:0.0030s ]
SQL: SELECT a.*,b.attr_name FROM p39_goods_attr a LEFT JOIN p39_attribute b ON a.attr_id=b.id  WHERE a.goods_id = '21' AND b.attr_type = '可选'  [ RunTime:0.0000s ]
INFO: [ view_parse ] --START--
INFO: [ template_filter ] --START--
INFO: Run Behavior\ContentReplaceBehavior [ RunTime:0.000000s ]
INFO: [ template_filter ] --END-- [ RunTime:0.000000s ]
INFO: Run Behavior\ParseTemplateBehavior [ RunTime:0.006001s ]
INFO: [ view_parse ] --END-- [ RunTime:0.006001s ]
INFO: [ view_filter ] --START--
INFO: Run Behavior\WriteHtmlCacheBehavior [ RunTime:0.001000s ]
INFO: [ view_filter ] --END-- [ RunTime:0.001000s ]
INFO: [ app_end ] --START--
INFO: Run Behavior\ShowPageTraceBehavior [ RunTime:0.001000s ]
INFO: [ app_end ] --END-- [ RunTime:0.001000s ]

[ 2016-12-27T22:11:29+08:00 ] 127.0.0.1 /index.php/Admin/Goods/qty/id/21.html
INFO: [ app_init ] --START--
INFO: Run Behavior\BuildLiteBehavior [ RunTime:0.000000s ]
INFO: [ app_init ] --END-- [ RunTime:0.001000s ]
INFO: [ app_begin ] --START--
INFO: Run Behavior\ReadHtmlCacheBehavior [ RunTime:0.000000s ]
INFO: [ app_begin ] --END-- [ RunTime:0.000000s ]
SQL: SHOW COLUMNS FROM `p39_goods_attr` [ RunTime:0.0020s ]
SQL: SELECT a.*,b.attr_name FROM p39_goods_attr a LEFT JOIN p39_attribute b ON a.attr_id=b.id  WHERE a.goods_id = '21' AND b.attr_type = '可选'  [ RunTime:0.0000s ]
INFO: [ view_parse ] --START--
INFO: [ template_filter ] --START--
INFO: Run Behavior\ContentReplaceBehavior [ RunTime:0.000000s ]
INFO: [ template_filter ] --END-- [ RunTime:0.000000s ]
INFO: Run Behavior\ParseTemplateBehavior [ RunTime:0.006000s ]
INFO: [ view_parse ] --END-- [ RunTime:0.006000s ]
INFO: [ view_filter ] --START--
INFO: Run Behavior\WriteHtmlCacheBehavior [ RunTime:0.001000s ]
INFO: [ view_filter ] --END-- [ RunTime:0.001000s ]
INFO: [ app_end ] --START--
INFO: Run Behavior\ShowPageTraceBehavior [ RunTime:0.001000s ]
INFO: [ app_end ] --END-- [ RunTime:0.001000s ]

[ 2016-12-27T22:13:20+08:00 ] 127.0.0.1 /index.php/Admin/Goods/qty/id/21.html
INFO: [ app_init ] --START--
INFO: Run Behavior\BuildLiteBehavior [ RunTime:0.000000s ]
INFO: [ app_init ] --END-- [ RunTime:0.001000s ]
INFO: [ app_begin ] --START--
INFO: Run Behavior\ReadHtmlCacheBehavior [ RunTime:0.000000s ]
INFO: [ app_begin ] --END-- [ RunTime:0.001000s ]
SQL: SHOW COLUMNS FROM `p39_goods_attr` [ RunTime:0.0030s ]
SQL: SELECT a.*,b.attr_name FROM p39_goods_attr a LEFT JOIN p39_attribute b ON a.attr_id=b.id  WHERE a.goods_id = '21' AND b.attr_type = '可选'  [ RunTime:0.0000s ]
INFO: [ view_parse ] --START--
INFO: [ template_filter ] --START--
INFO: Run Behavior\ContentReplaceBehavior [ RunTime:0.000000s ]
INFO: [ template_filter ] --END-- [ RunTime:0.000000s ]
INFO: Run Behavior\ParseTemplateBehavior [ RunTime:0.007000s ]
INFO: [ view_parse ] --END-- [ RunTime:0.007000s ]
INFO: [ view_filter ] --START--
INFO: Run Behavior\WriteHtmlCacheBehavior [ RunTime:0.001000s ]
INFO: [ view_filter ] --END-- [ RunTime:0.001000s ]
INFO: [ app_end ] --START--
INFO: Run Behavior\ShowPageTraceBehavior [ RunTime:0.000000s ]
INFO: [ app_end ] --END-- [ RunTime:0.001000s ]

[ 2016-12-27T22:20:03+08:00 ] 127.0.0.1 /index.php/Admin/Goods/qty/id/21.html
INFO: [ app_init ] --START--
INFO: Run Behavior\BuildLiteBehavior [ RunTime:0.000000s ]
INFO: [ app_init ] --END-- [ RunTime:0.000000s ]
INFO: [ app_begin ] --START--
INFO: Run Behavior\ReadHtmlCacheBehavior [ RunTime:0.001000s ]
INFO: [ app_begin ] --END-- [ RunTime:0.001000s ]
SQL: SHOW COLUMNS FROM `p39_goods_attr` [ RunTime:0.0020s ]
SQL: SELECT a.*,b.attr_name FROM p39_goods_attr a LEFT JOIN p39_attribute b ON a.attr_id=b.id  WHERE a.goods_id = '21' AND b.attr_type = '可选'  [ RunTime:0.0000s ]
INFO: [ view_parse ] --START--
INFO: [ template_filter ] --START--
INFO: Run Behavior\ContentReplaceBehavior [ RunTime:0.000000s ]
INFO: [ template_filter ] --END-- [ RunTime:0.000000s ]
INFO: Run Behavior\ParseTemplateBehavior [ RunTime:0.006000s ]
INFO: [ view_parse ] --END-- [ RunTime:0.006000s ]
INFO: [ view_filter ] --START--
INFO: Run Behavior\WriteHtmlCacheBehavior [ RunTime:0.000000s ]
INFO: [ view_filter ] --END-- [ RunTime:0.000000s ]
INFO: [ app_end ] --START--
INFO: Run Behavior\ShowPageTraceBehavior [ RunTime:0.001000s ]
INFO: [ app_end ] --END-- [ RunTime:0.001000s ]

[ 2016-12-27T22:20:16+08:00 ] 127.0.0.1 /index.php/Admin/Goods/qty/id/21.html
INFO: [ app_init ] --START--
INFO: Run Behavior\BuildLiteBehavior [ RunTime:0.000000s ]
INFO: [ app_init ] --END-- [ RunTime:0.001000s ]
INFO: [ app_begin ] --START--
INFO: Run Behavior\ReadHtmlCacheBehavior [ RunTime:0.001000s ]
INFO: [ app_begin ] --END-- [ RunTime:0.001000s ]
SQL: SHOW COLUMNS FROM `p39_goods_attr` [ RunTime:0.0030s ]
SQL: SELECT a.*,b.attr_name FROM p39_goods_attr a LEFT JOIN p39_attribute b ON a.attr_id=b.id  WHERE a.goods_id = '21' AND b.attr_type = '可选'  [ RunTime:0.0010s ]
INFO: [ view_parse ] --START--
INFO: [ template_filter ] --START--
INFO: Run Behavior\ContentReplaceBehavior [ RunTime:0.000000s ]
INFO: [ template_filter ] --END-- [ RunTime:0.000000s ]
INFO: Run Behavior\ParseTemplateBehavior [ RunTime:0.007001s ]
INFO: [ view_parse ] --END-- [ RunTime:0.007001s ]
INFO: [ view_filter ] --START--
INFO: Run Behavior\WriteHtmlCacheBehavior [ RunTime:0.001000s ]
INFO: [ view_filter ] --END-- [ RunTime:0.001000s ]
INFO: [ app_end ] --START--
INFO: Run Behavior\ShowPageTraceBehavior [ RunTime:0.001000s ]
INFO: [ app_end ] --END-- [ RunTime:0.001000s ]

[ 2016-12-27T22:21:16+08:00 ] 127.0.0.1 /index.php/Admin/Goods/qty/id/21.html
INFO: [ app_init ] --START--
INFO: Run Behavior\BuildLiteBehavior [ RunTime:0.000000s ]
INFO: [ app_init ] --END-- [ RunTime:0.001000s ]
INFO: [ app_begin ] --START--
INFO: Run Behavior\ReadHtmlCacheBehavior [ RunTime:0.001000s ]
INFO: [ app_begin ] --END-- [ RunTime:0.001000s ]
SQL: SHOW COLUMNS FROM `p39_goods_attr` [ RunTime:0.0040s ]
SQL: SELECT a.*,b.attr_name FROM p39_goods_attr a LEFT JOIN p39_attribute b ON a.attr_id=b.id  WHERE a.goods_id = '21' AND b.attr_type = '可选'  [ RunTime:0.0000s ]
INFO: [ view_parse ] --START--
INFO: [ template_filter ] --START--
INFO: Run Behavior\ContentReplaceBehavior [ RunTime:0.000000s ]
INFO: [ template_filter ] --END-- [ RunTime:0.000000s ]
INFO: Run Behavior\ParseTemplateBehavior [ RunTime:0.006000s ]
INFO: [ view_parse ] --END-- [ RunTime:0.007000s ]
INFO: [ view_filter ] --START--
INFO: Run Behavior\WriteHtmlCacheBehavior [ RunTime:0.000000s ]
INFO: [ view_filter ] --END-- [ RunTime:0.000000s ]
INFO: [ app_end ] --START--
INFO: Run Behavior\ShowPageTraceBehavior [ RunTime:0.001000s ]
INFO: [ app_end ] --END-- [ RunTime:0.001000s ]

[ 2016-12-27T22:23:29+08:00 ] 127.0.0.1 /index.php/Admin/Goods/qty/id/21.html
INFO: [ app_init ] --START--
INFO: Run Behavior\BuildLiteBehavior [ RunTime:0.000000s ]
INFO: [ app_init ] --END-- [ RunTime:0.001000s ]
INFO: [ app_begin ] --START--
INFO: Run Behavior\ReadHtmlCacheBehavior [ RunTime:0.001001s ]
INFO: [ app_begin ] --END-- [ RunTime:0.001001s ]
SQL: SHOW COLUMNS FROM `p39_goods_attr` [ RunTime:0.0040s ]
SQL: SELECT a.*,b.attr_name FROM p39_goods_attr a LEFT JOIN p39_attribute b ON a.attr_id=b.id  WHERE a.goods_id = '21' AND b.attr_type = '可选'  [ RunTime:0.0010s ]
INFO: [ view_parse ] --START--
INFO: [ template_filter ] --START--
INFO: Run Behavior\ContentReplaceBehavior [ RunTime:0.000000s ]
INFO: [ template_filter ] --END-- [ RunTime:0.000000s ]
INFO: Run Behavior\ParseTemplateBehavior [ RunTime:0.006001s ]
INFO: [ view_parse ] --END-- [ RunTime:0.006001s ]
INFO: [ view_filter ] --START--
INFO: Run Behavior\WriteHtmlCacheBehavior [ RunTime:0.001000s ]
INFO: [ view_filter ] --END-- [ RunTime:0.001000s ]
INFO: [ app_end ] --START--
INFO: Run Behavior\ShowPageTraceBehavior [ RunTime:0.000000s ]
INFO: [ app_end ] --END-- [ RunTime:0.000000s ]

[ 2016-12-27T22:24:33+08:00 ] 127.0.0.1 /index.php/Admin/Goods/qty/id/21.html
INFO: [ app_init ] --START--
INFO: Run Behavior\BuildLiteBehavior [ RunTime:0.000000s ]
INFO: [ app_init ] --END-- [ RunTime:0.001000s ]
INFO: [ app_begin ] --START--
INFO: Run Behavior\ReadHtmlCacheBehavior [ RunTime:0.001000s ]
INFO: [ app_begin ] --END-- [ RunTime:0.001000s ]
SQL: SHOW COLUMNS FROM `p39_goods_attr` [ RunTime:0.0030s ]
SQL: SELECT a.*,b.attr_name FROM p39_goods_attr a LEFT JOIN p39_attribute b ON a.attr_id=b.id  WHERE a.goods_id = '21' AND b.attr_type = '可选'  [ RunTime:0.0000s ]
INFO: [ view_parse ] --START--
INFO: [ template_filter ] --START--
INFO: Run Behavior\ContentReplaceBehavior [ RunTime:0.000000s ]
INFO: [ template_filter ] --END-- [ RunTime:0.000000s ]
INFO: Run Behavior\ParseTemplateBehavior [ RunTime:0.006000s ]
INFO: [ view_parse ] --END-- [ RunTime:0.007000s ]
INFO: [ view_filter ] --START--
INFO: Run Behavior\WriteHtmlCacheBehavior [ RunTime:0.000000s ]
INFO: [ view_filter ] --END-- [ RunTime:0.001000s ]
INFO: [ app_end ] --START--
INFO: Run Behavior\ShowPageTraceBehavior [ RunTime:0.001000s ]
INFO: [ app_end ] --END-- [ RunTime:0.001000s ]

[ 2016-12-27T22:27:05+08:00 ] 127.0.0.1 /index.php/Admin/Goods/qty/id/21.html
INFO: [ app_init ] --START--
INFO: Run Behavior\BuildLiteBehavior [ RunTime:0.000000s ]
INFO: [ app_init ] --END-- [ RunTime:0.000000s ]
INFO: [ app_begin ] --START--
INFO: Run Behavior\ReadHtmlCacheBehavior [ RunTime:0.000000s ]
INFO: [ app_begin ] --END-- [ RunTime:0.001000s ]
SQL: SHOW COLUMNS FROM `p39_goods_attr` [ RunTime:0.0040s ]
SQL: SELECT a.*,b.attr_name FROM p39_goods_attr a LEFT JOIN p39_attribute b ON a.attr_id=b.id  WHERE a.goods_id = '21' AND b.attr_type = '可选'  [ RunTime:0.0000s ]

[ 2016-12-27T22:28:07+08:00 ] 127.0.0.1 /index.php/Admin/Goods/qty/id/21.html
INFO: [ app_init ] --START--
INFO: Run Behavior\BuildLiteBehavior [ RunTime:0.000000s ]
INFO: [ app_init ] --END-- [ RunTime:0.001000s ]
INFO: [ app_begin ] --START--
INFO: Run Behavior\ReadHtmlCacheBehavior [ RunTime:0.001001s ]
INFO: [ app_begin ] --END-- [ RunTime:0.001001s ]
SQL: SHOW COLUMNS FROM `p39_goods_attr` [ RunTime:0.0030s ]
SQL: SELECT a.*,b.attr_name FROM p39_goods_attr a LEFT JOIN p39_attribute b ON a.attr_id=b.id  WHERE a.goods_id = '21' AND b.attr_type = '可选'  [ RunTime:0.0010s ]

[ 2016-12-27T22:28:14+08:00 ] 127.0.0.1 /index.php/Admin/Goods/qty/id/21.html
INFO: [ app_init ] --START--
INFO: Run Behavior\BuildLiteBehavior [ RunTime:0.000000s ]
INFO: [ app_init ] --END-- [ RunTime:0.000000s ]
INFO: [ app_begin ] --START--
INFO: Run Behavior\ReadHtmlCacheBehavior [ RunTime:0.000000s ]
INFO: [ app_begin ] --END-- [ RunTime:0.000000s ]
SQL: SHOW COLUMNS FROM `p39_goods_attr` [ RunTime:0.0030s ]
SQL: SELECT a.*,b.attr_name FROM p39_goods_attr a LEFT JOIN p39_attribute b ON a.attr_id=b.id  WHERE a.goods_id = '21' AND b.attr_type = '可选'  [ RunTime:0.0000s ]
INFO: [ view_parse ] --START--
INFO: [ template_filter ] --START--
INFO: Run Behavior\ContentReplaceBehavior [ RunTime:0.000000s ]
INFO: [ template_filter ] --END-- [ RunTime:0.000000s ]
INFO: Run Behavior\ParseTemplateBehavior [ RunTime:0.007000s ]
INFO: [ view_parse ] --END-- [ RunTime:0.007000s ]
INFO: [ view_filter ] --START--
INFO: Run Behavior\WriteHtmlCacheBehavior [ RunTime:0.001000s ]
INFO: [ view_filter ] --END-- [ RunTime:0.001000s ]
INFO: [ app_end ] --START--
INFO: Run Behavior\ShowPageTraceBehavior [ RunTime:0.000000s ]
INFO: [ app_end ] --END-- [ RunTime:0.000000s ]

[ 2016-12-27T22:29:04+08:00 ] 127.0.0.1 /index.php/Admin/Goods/qty/id/21.html
INFO: [ app_init ] --START--
INFO: Run Behavior\BuildLiteBehavior [ RunTime:0.000000s ]
INFO: [ app_init ] --END-- [ RunTime:0.000000s ]
INFO: [ app_begin ] --START--
INFO: Run Behavior\ReadHtmlCacheBehavior [ RunTime:0.000000s ]
INFO: [ app_begin ] --END-- [ RunTime:0.000000s ]
SQL: SHOW COLUMNS FROM `p39_goods_attr` [ RunTime:0.0030s ]
SQL: SELECT a.*,b.attr_name FROM p39_goods_attr a LEFT JOIN p39_attribute b ON a.attr_id=b.id  WHERE a.goods_id = '21' AND b.attr_type = '可选'  [ RunTime:0.0010s ]
INFO: [ view_parse ] --START--
INFO: [ template_filter ] --START--
INFO: Run Behavior\ContentReplaceBehavior [ RunTime:0.000000s ]
INFO: [ template_filter ] --END-- [ RunTime:0.000000s ]
INFO: Run Behavior\ParseTemplateBehavior [ RunTime:0.009001s ]
INFO: [ view_parse ] --END-- [ RunTime:0.009001s ]
INFO: [ view_filter ] --START--
INFO: Run Behavior\WriteHtmlCacheBehavior [ RunTime:0.000000s ]
INFO: [ view_filter ] --END-- [ RunTime:0.000000s ]
INFO: [ app_end ] --START--
INFO: Run Behavior\ShowPageTraceBehavior [ RunTime:0.001000s ]
INFO: [ app_end ] --END-- [ RunTime:0.001000s ]

[ 2016-12-27T22:30:53+08:00 ] 127.0.0.1 /index.php/Admin/Goods/qty/id/21.html
INFO: [ app_init ] --START--
INFO: Run Behavior\BuildLiteBehavior [ RunTime:0.000000s ]
INFO: [ app_init ] --END-- [ RunTime:0.001000s ]
INFO: [ app_begin ] --START--
INFO: Run Behavior\ReadHtmlCacheBehavior [ RunTime:0.001000s ]
INFO: [ app_begin ] --END-- [ RunTime:0.001000s ]
SQL: SHOW COLUMNS FROM `p39_goods_attr` [ RunTime:0.0030s ]
SQL: SELECT a.*,b.attr_name FROM p39_goods_attr a LEFT JOIN p39_attribute b ON a.attr_id=b.id  WHERE a.goods_id = '21' AND b.attr_type = '可选'  [ RunTime:0.0010s ]
INFO: [ view_parse ] --START--
INFO: [ template_filter ] --START--
INFO: Run Behavior\ContentReplaceBehavior [ RunTime:0.000000s ]
INFO: [ template_filter ] --END-- [ RunTime:0.000000s ]
INFO: Run Behavior\ParseTemplateBehavior [ RunTime:0.006000s ]
INFO: [ view_parse ] --END-- [ RunTime:0.006000s ]
INFO: [ view_filter ] --START--
INFO: Run Behavior\WriteHtmlCacheBehavior [ RunTime:0.001000s ]
INFO: [ view_filter ] --END-- [ RunTime:0.001000s ]
INFO: [ app_end ] --START--
INFO: Run Behavior\ShowPageTraceBehavior [ RunTime:0.000000s ]
INFO: [ app_end ] --END-- [ RunTime:0.001000s ]

[ 2016-12-27T22:33:47+08:00 ] 127.0.0.1 /index.php/Admin/Goods/qty/id/21.html
INFO: [ app_init ] --START--
INFO: Run Behavior\BuildLiteBehavior [ RunTime:0.001000s ]
INFO: [ app_init ] --END-- [ RunTime:0.001000s ]
INFO: [ app_begin ] --START--
INFO: Run Behavior\ReadHtmlCacheBehavior [ RunTime:0.001000s ]
INFO: [ app_begin ] --END-- [ RunTime:0.001000s ]
SQL: SHOW COLUMNS FROM `p39_goods_attr` [ RunTime:0.0040s ]
SQL: SELECT a.*,b.attr_name FROM p39_goods_attr a LEFT JOIN p39_attribute b ON a.attr_id=b.id  WHERE a.goods_id = '21' AND b.attr_type = '可选'  [ RunTime:0.0010s ]
INFO: [ view_parse ] --START--
INFO: [ template_filter ] --START--
INFO: Run Behavior\ContentReplaceBehavior [ RunTime:0.000000s ]
INFO: [ template_filter ] --END-- [ RunTime:0.000000s ]
INFO: Run Behavior\ParseTemplateBehavior [ RunTime:0.007000s ]
INFO: [ view_parse ] --END-- [ RunTime:0.007000s ]
INFO: [ view_filter ] --START--
INFO: Run Behavior\WriteHtmlCacheBehavior [ RunTime:0.000000s ]
INFO: [ view_filter ] --END-- [ RunTime:0.000000s ]
INFO: [ app_end ] --START--
INFO: Run Behavior\ShowPageTraceBehavior [ RunTime:0.001000s ]
INFO: [ app_end ] --END-- [ RunTime:0.001000s ]

[ 2016-12-27T22:34:06+08:00 ] 127.0.0.1 /index.php/Admin/Goods/qty/id/21.html
INFO: [ app_init ] --START--
INFO: Run Behavior\BuildLiteBehavior [ RunTime:0.000000s ]
INFO: [ app_init ] --END-- [ RunTime:0.001000s ]
INFO: [ app_begin ] --START--
INFO: Run Behavior\ReadHtmlCacheBehavior [ RunTime:0.001000s ]
INFO: [ app_begin ] --END-- [ RunTime:0.001000s ]

[ 2016-12-27T22:34:27+08:00 ] 127.0.0.1 /index.php/Admin/Goods/qty/id/21.html
INFO: [ app_init ] --START--
INFO: Run Behavior\BuildLiteBehavior [ RunTime:0.000000s ]
INFO: [ app_init ] --END-- [ RunTime:0.000000s ]
INFO: [ app_begin ] --START--
INFO: Run Behavior\ReadHtmlCacheBehavior [ RunTime:0.001000s ]
INFO: [ app_begin ] --END-- [ RunTime:0.001000s ]

[ 2016-12-27T22:51:36+08:00 ] 127.0.0.1 /index.php/Admin/Goods/qty/id/21.html
INFO: [ app_init ] --START--
INFO: Run Behavior\BuildLiteBehavior [ RunTime:0.000000s ]
INFO: [ app_init ] --END-- [ RunTime:0.001000s ]
INFO: [ app_begin ] --START--
INFO: Run Behavior\ReadHtmlCacheBehavior [ RunTime:0.001000s ]
INFO: [ app_begin ] --END-- [ RunTime:0.001000s ]

[ 2016-12-27T22:51:59+08:00 ] 127.0.0.1 /index.php/Admin/Goods/qty/id/21.html
INFO: [ app_init ] --START--
INFO: Run Behavior\BuildLiteBehavior [ RunTime:0.000000s ]
INFO: [ app_init ] --END-- [ RunTime:0.000000s ]
INFO: [ app_begin ] --START--
INFO: Run Behavior\ReadHtmlCacheBehavior [ RunTime:0.001000s ]
INFO: [ app_begin ] --END-- [ RunTime:0.001000s ]
SQL: SHOW COLUMNS FROM `p39_goods_number` [ RunTime:0.0020s ]
SQL: INSERT INTO `p39_goods_number` (`goods_id`,`goods_number`,`goods_attr_id`) VALUES ('21','99','1,4') [ RunTime:0.0010s ]
SQL: INSERT INTO `p39_goods_number` (`goods_id`,`goods_number`,`goods_attr_id`) VALUES ('21','88','3,4') [ RunTime:0.0010s ]
SQL: SHOW COLUMNS FROM `p39_goods_attr` [ RunTime:0.0040s ]
SQL: SELECT a.*,b.attr_name FROM p39_goods_attr a LEFT JOIN p39_attribute b ON a.attr_id=b.id  WHERE a.goods_id = '21' AND b.attr_type = '可选'  [ RunTime:0.0000s ]
INFO: [ view_parse ] --START--
INFO: [ template_filter ] --START--
INFO: Run Behavior\ContentReplaceBehavior [ RunTime:0.000000s ]
INFO: [ template_filter ] --END-- [ RunTime:0.000000s ]
INFO: Run Behavior\ParseTemplateBehavior [ RunTime:0.007000s ]
INFO: [ view_parse ] --END-- [ RunTime:0.007000s ]
INFO: [ view_filter ] --START--
INFO: Run Behavior\WriteHtmlCacheBehavior [ RunTime:0.000000s ]
INFO: [ view_filter ] --END-- [ RunTime:0.000000s ]
INFO: [ app_end ] --START--
INFO: Run Behavior\ShowPageTraceBehavior [ RunTime:0.001000s ]
INFO: [ app_end ] --END-- [ RunTime:0.001000s ]

[ 2016-12-27T22:54:27+08:00 ] 127.0.0.1 /index.php/Admin/Goods/lst.html
INFO: [ app_init ] --START--
INFO: Run Behavior\BuildLiteBehavior [ RunTime:0.000000s ]
INFO: [ app_init ] --END-- [ RunTime:0.001000s ]
INFO: [ app_begin ] --START--
INFO: Run Behavior\ReadHtmlCacheBehavior [ RunTime:0.001000s ]
INFO: [ app_begin ] --END-- [ RunTime:0.001000s ]
SQL: SHOW COLUMNS FROM `p39_goods` [ RunTime:0.0040s ]
NOTIC: [8] Undefined variable: where F:\thinkphp\Application\Admin\Model\GoodsModel.class.php 第 341 行.
SQL: SELECT COUNT(*) AS tp_count FROM `p39_goods` LIMIT 1   [ RunTime:0.0000s ]
NOTIC: [8] Undefined variable: where F:\thinkphp\Application\Admin\Model\GoodsModel.class.php 第 356 行.
SQL: SELECT a.*,b.brand_name,c.cat_name,GROUP_CONCAT(e.cat_name) ext_cat_name FROM p39_goods a LEFT JOIN p39_brand b ON b.id=a.brand_id
				LEFT JOIN p39_category c ON a.cat_id=c.id
				LEFT JOIN p39_goods_cat d ON a.id=d.goods_id
				LEFT JOIN p39_category  e on e.id=d.cat_id  GROUP BY a.id ORDER BY id desc LIMIT 0,10   [ RunTime:0.0010s ]
NOTIC: [2048] Declaration of Admin\Model\CategoryModel::_before_delete() should be compatible with Think\Model::_before_delete($options) F:\thinkphp\Application\Admin\Model\CategoryModel.class.php 第 85 行.
SQL: SHOW COLUMNS FROM `p39_category` [ RunTime:0.0030s ]
SQL: SELECT * FROM `p39_category`  [ RunTime:0.0010s ]
INFO: [ view_parse ] --START--
INFO: [ template_filter ] --START--
INFO: Run Behavior\ContentReplaceBehavior [ RunTime:0.000000s ]
INFO: [ template_filter ] --END-- [ RunTime:0.000000s ]
SQL: SHOW COLUMNS FROM `p39_brand` [ RunTime:0.0030s ]
SQL: SELECT * FROM `p39_brand`  [ RunTime:0.0000s ]
INFO: Run Behavior\ParseTemplateBehavior [ RunTime:0.014000s ]
INFO: [ view_parse ] --END-- [ RunTime:0.014000s ]
INFO: [ view_filter ] --START--
INFO: Run Behavior\WriteHtmlCacheBehavior [ RunTime:0.001001s ]
INFO: [ view_filter ] --END-- [ RunTime:0.001001s ]
INFO: [ app_end ] --START--
INFO: Run Behavior\ShowPageTraceBehavior [ RunTime:0.001000s ]
INFO: [ app_end ] --END-- [ RunTime:0.001000s ]

